[0.876s] Invoking command in '/home/subin/cnu_ros2/heart_robot/src/build/heart_robot_description': CMAKE_PREFIX_PATH=${CMAKE_PREFIX_PATH}:/home/subin/cnu_ros2/heart_robot/src/install/heart_robot_control:/home/subin/cnu_ros2/heart_robot/install/heart_robot_control:/opt/ros/humble /usr/bin/cmake --build /home/subin/cnu_ros2/heart_robot/src/build/heart_robot_description -- -j8 -l8
[1.003s] Invoked command in '/home/subin/cnu_ros2/heart_robot/src/build/heart_robot_description' returned '0': CMAKE_PREFIX_PATH=${CMAKE_PREFIX_PATH}:/home/subin/cnu_ros2/heart_robot/src/install/heart_robot_control:/home/subin/cnu_ros2/heart_robot/install/heart_robot_control:/opt/ros/humble /usr/bin/cmake --build /home/subin/cnu_ros2/heart_robot/src/build/heart_robot_description -- -j8 -l8
[1.022s] Invoking command in '/home/subin/cnu_ros2/heart_robot/src/build/heart_robot_description': CMAKE_PREFIX_PATH=${CMAKE_PREFIX_PATH}:/home/subin/cnu_ros2/heart_robot/src/install/heart_robot_control:/home/subin/cnu_ros2/heart_robot/install/heart_robot_control:/opt/ros/humble /usr/bin/cmake --install /home/subin/cnu_ros2/heart_robot/src/build/heart_robot_description
[1.045s] -- Install configuration: ""
[1.048s] -- Execute custom install script
[1.054s] -- Up-to-date symlink: /home/subin/cnu_ros2/heart_robot/src/install/heart_robot_description/share/heart_robot_description/launch/__pycache__/display.launch.cpython-310.pyc
[1.055s] -- Up-to-date symlink: /home/subin/cnu_ros2/heart_robot/src/install/heart_robot_description/share/heart_robot_description/launch/display.launch.py
[1.055s] -- Up-to-date symlink: /home/subin/cnu_ros2/heart_robot/src/install/heart_robot_description/share/heart_robot_description/launch/gazebo.launch.py
[1.055s] -- Up-to-date symlink: /home/subin/cnu_ros2/heart_robot/src/install/heart_robot_description/share/heart_robot_description/rviz/heart_robot.rviz
[1.055s] -- Up-to-date symlink: /home/subin/cnu_ros2/heart_robot/src/install/heart_robot_description/share/heart_robot_description/rviz/heart_robot.rviz:Zone.Identifier
[1.055s] -- Up-to-date symlink: /home/subin/cnu_ros2/heart_robot/src/install/heart_robot_description/share/heart_robot_description/urdf/heart_robot.urdf.xacro
[1.056s] -- Up-to-date symlink: /home/subin/cnu_ros2/heart_robot/src/install/heart_robot_description/share/heart_robot_description/config/controller.yaml
[1.059s] -- Up-to-date symlink: /home/subin/cnu_ros2/heart_robot/src/install/heart_robot_description/share/ament_index/resource_index/package_run_dependencies/heart_robot_description
[1.063s] -- Up-to-date symlink: /home/subin/cnu_ros2/heart_robot/src/install/heart_robot_description/share/ament_index/resource_index/parent_prefix_path/heart_robot_description
[1.064s] -- Up-to-date symlink: /home/subin/cnu_ros2/heart_robot/src/install/heart_robot_description/share/heart_robot_description/environment/ament_prefix_path.sh
[1.064s] -- Up-to-date symlink: /home/subin/cnu_ros2/heart_robot/src/install/heart_robot_description/share/heart_robot_description/environment/ament_prefix_path.dsv
[1.064s] -- Up-to-date symlink: /home/subin/cnu_ros2/heart_robot/src/install/heart_robot_description/share/heart_robot_description/environment/path.sh
[1.077s] -- Up-to-date symlink: /home/subin/cnu_ros2/heart_robot/src/install/heart_robot_description/share/heart_robot_description/environment/path.dsv
[1.077s] -- Up-to-date symlink: /home/subin/cnu_ros2/heart_robot/src/install/heart_robot_description/share/heart_robot_description/local_setup.bash
[1.080s] -- Up-to-date symlink: /home/subin/cnu_ros2/heart_robot/src/install/heart_robot_description/share/heart_robot_description/local_setup.sh
[1.085s] -- Up-to-date symlink: /home/subin/cnu_ros2/heart_robot/src/install/heart_robot_description/share/heart_robot_description/local_setup.zsh
[1.086s] -- Up-to-date symlink: /home/subin/cnu_ros2/heart_robot/src/install/heart_robot_description/share/heart_robot_description/local_setup.dsv
[1.086s] -- Symlinking: /home/subin/cnu_ros2/heart_robot/src/install/heart_robot_description/share/heart_robot_description/package.dsv
[1.098s] -- Up-to-date symlink: /home/subin/cnu_ros2/heart_robot/src/install/heart_robot_description/share/ament_index/resource_index/packages/heart_robot_description
[1.099s] -- Up-to-date symlink: /home/subin/cnu_ros2/heart_robot/src/install/heart_robot_description/share/heart_robot_description/cmake/heart_robot_descriptionConfig.cmake
[1.099s] -- Up-to-date symlink: /home/subin/cnu_ros2/heart_robot/src/install/heart_robot_description/share/heart_robot_description/cmake/heart_robot_descriptionConfig-version.cmake
[1.101s] -- Up-to-date symlink: /home/subin/cnu_ros2/heart_robot/src/install/heart_robot_description/share/heart_robot_description/package.xml
[1.120s] Invoked command in '/home/subin/cnu_ros2/heart_robot/src/build/heart_robot_description' returned '0': CMAKE_PREFIX_PATH=${CMAKE_PREFIX_PATH}:/home/subin/cnu_ros2/heart_robot/src/install/heart_robot_control:/home/subin/cnu_ros2/heart_robot/install/heart_robot_control:/opt/ros/humble /usr/bin/cmake --install /home/subin/cnu_ros2/heart_robot/src/build/heart_robot_description
