[0.319s] Invoking command in '/home/subin/cnu_ros2/heart_robot/src/build/heart_robot_description': CMAKE_PREFIX_PATH=/opt/ros/humble /usr/bin/cmake --build /home/subin/cnu_ros2/heart_robot/src/build/heart_robot_description -- -j8 -l8
[0.369s] Invoked command in '/home/subin/cnu_ros2/heart_robot/src/build/heart_robot_description' returned '0': CMAKE_PREFIX_PATH=/opt/ros/humble /usr/bin/cmake --build /home/subin/cnu_ros2/heart_robot/src/build/heart_robot_description -- -j8 -l8
[0.384s] Invoking command in '/home/subin/cnu_ros2/heart_robot/src/build/heart_robot_description': CMAKE_PREFIX_PATH=/opt/ros/humble /usr/bin/cmake --install /home/subin/cnu_ros2/heart_robot/src/build/heart_robot_description
[0.394s] -- Install configuration: ""
[0.394s] -- Execute custom install script
[0.395s] -- Up-to-date symlink: /home/subin/cnu_ros2/heart_robot/src/install/heart_robot_description/share/heart_robot_description/launch/__pycache__/display.launch.cpython-310.pyc
[0.395s] -- Up-to-date symlink: /home/subin/cnu_ros2/heart_robot/src/install/heart_robot_description/share/heart_robot_description/launch/display.launch.py
[0.395s] -- Up-to-date symlink: /home/subin/cnu_ros2/heart_robot/src/install/heart_robot_description/share/heart_robot_description/launch/gazebo.launch.py
[0.396s] -- Up-to-date symlink: /home/subin/cnu_ros2/heart_robot/src/install/heart_robot_description/share/heart_robot_description/rviz/heart_robot.rviz
[0.396s] -- Up-to-date symlink: /home/subin/cnu_ros2/heart_robot/src/install/heart_robot_description/share/heart_robot_description/rviz/heart_robot.rviz:Zone.Identifier
[0.396s] -- Up-to-date symlink: /home/subin/cnu_ros2/heart_robot/src/install/heart_robot_description/share/heart_robot_description/urdf/heart_robot.urdf.xacro
[0.396s] -- Up-to-date symlink: /home/subin/cnu_ros2/heart_robot/src/install/heart_robot_description/share/heart_robot_description/config/controller.yaml
[0.397s] -- Up-to-date symlink: /home/subin/cnu_ros2/heart_robot/src/install/heart_robot_description/share/ament_index/resource_index/package_run_dependencies/heart_robot_description
[0.397s] -- Up-to-date symlink: /home/subin/cnu_ros2/heart_robot/src/install/heart_robot_description/share/ament_index/resource_index/parent_prefix_path/heart_robot_description
[0.397s] -- Up-to-date symlink: /home/subin/cnu_ros2/heart_robot/src/install/heart_robot_description/share/heart_robot_description/environment/ament_prefix_path.sh
[0.398s] -- Up-to-date symlink: /home/subin/cnu_ros2/heart_robot/src/install/heart_robot_description/share/heart_robot_description/environment/ament_prefix_path.dsv
[0.398s] -- Up-to-date symlink: /home/subin/cnu_ros2/heart_robot/src/install/heart_robot_description/share/heart_robot_description/environment/path.sh
[0.398s] -- Up-to-date symlink: /home/subin/cnu_ros2/heart_robot/src/install/heart_robot_description/share/heart_robot_description/environment/path.dsv
[0.398s] -- Up-to-date symlink: /home/subin/cnu_ros2/heart_robot/src/install/heart_robot_description/share/heart_robot_description/local_setup.bash
[0.399s] -- Up-to-date symlink: /home/subin/cnu_ros2/heart_robot/src/install/heart_robot_description/share/heart_robot_description/local_setup.sh
[0.399s] -- Up-to-date symlink: /home/subin/cnu_ros2/heart_robot/src/install/heart_robot_description/share/heart_robot_description/local_setup.zsh
[0.400s] -- Up-to-date symlink: /home/subin/cnu_ros2/heart_robot/src/install/heart_robot_description/share/heart_robot_description/local_setup.dsv
[0.400s] -- Symlinking: /home/subin/cnu_ros2/heart_robot/src/install/heart_robot_description/share/heart_robot_description/package.dsv
[0.411s] -- Up-to-date symlink: /home/subin/cnu_ros2/heart_robot/src/install/heart_robot_description/share/ament_index/resource_index/packages/heart_robot_description
[0.411s] -- Up-to-date symlink: /home/subin/cnu_ros2/heart_robot/src/install/heart_robot_description/share/heart_robot_description/cmake/heart_robot_descriptionConfig.cmake
[0.412s] -- Up-to-date symlink: /home/subin/cnu_ros2/heart_robot/src/install/heart_robot_description/share/heart_robot_description/cmake/heart_robot_descriptionConfig-version.cmake
[0.412s] -- Up-to-date symlink: /home/subin/cnu_ros2/heart_robot/src/install/heart_robot_description/share/heart_robot_description/package.xml
[0.414s] Invoked command in '/home/subin/cnu_ros2/heart_robot/src/build/heart_robot_description' returned '0': CMAKE_PREFIX_PATH=/opt/ros/humble /usr/bin/cmake --install /home/subin/cnu_ros2/heart_robot/src/build/heart_robot_description
