[0.606s] DEBUG:colcon:Command line arguments: ['/usr/bin/colcon', 'build', '--symlink-install']
[0.606s] DEBUG:colcon:Parsed command line arguments: Namespace(log_base=None, log_level=None, verb_name='build', build_base='build', install_base='install', merge_install=False, symlink_install=True, test_result_base=None, continue_on_error=False, executor='parallel', parallel_workers=8, event_handlers=None, ignore_user_meta=False, metas=['./colcon.meta'], base_paths=['.'], packages_ignore=None, packages_ignore_regex=None, paths=None, packages_up_to=None, packages_up_to_regex=None, packages_above=None, packages_above_and_dependencies=None, packages_above_depth=None, packages_select_by_dep=None, packages_skip_by_dep=None, packages_skip_up_to=None, packages_select_build_failed=False, packages_skip_build_finished=False, packages_select_test_failures=False, packages_skip_test_passed=False, packages_select=None, packages_skip=None, packages_select_regex=None, packages_skip_regex=None, packages_start=None, packages_end=None, allow_overriding=[], cmake_args=None, cmake_target=None, cmake_target_skip_unavailable=False, cmake_clean_cache=False, cmake_clean_first=False, cmake_force_configure=False, ament_cmake_args=None, catkin_cmake_args=None, catkin_skip_building_tests=False, mixin_files=None, mixin=None, verb_parser=<colcon_mixin.mixin.mixin_argument.MixinArgumentDecorator object at 0x7b2f7ce559f0>, verb_extension=<colcon_core.verb.build.BuildVerb object at 0x7b2f7ce55450>, main=<bound method BuildVerb.main of <colcon_core.verb.build.BuildVerb object at 0x7b2f7ce55450>>, mixin_verb=('build',))
[1.137s] Level 1:colcon.colcon_core.package_discovery:discover_packages(colcon_meta) check parameters
[1.137s] Level 1:colcon.colcon_core.package_discovery:discover_packages(recursive) check parameters
[1.138s] Level 1:colcon.colcon_core.package_discovery:discover_packages(ignore) check parameters
[1.138s] Level 1:colcon.colcon_core.package_discovery:discover_packages(path) check parameters
[1.138s] Level 1:colcon.colcon_core.package_discovery:discover_packages(colcon_meta) discover
[1.138s] Level 1:colcon.colcon_core.package_discovery:discover_packages(recursive) discover
[1.138s] INFO:colcon.colcon_core.package_discovery:Crawling recursively for packages in '/home/subin/cnu_ros2/heart_robot/src'
[1.138s] Level 1:colcon.colcon_core.package_identification:_identify(.) by extensions ['ignore', 'ignore_ament_install']
[1.138s] Level 1:colcon.colcon_core.package_identification:_identify(.) by extension 'ignore'
[1.138s] Level 1:colcon.colcon_core.package_identification:_identify(.) by extension 'ignore_ament_install'
[1.139s] Level 1:colcon.colcon_core.package_identification:_identify(.) by extensions ['colcon_pkg']
[1.139s] Level 1:colcon.colcon_core.package_identification:_identify(.) by extension 'colcon_pkg'
[1.139s] Level 1:colcon.colcon_core.package_identification:_identify(.) by extensions ['colcon_meta']
[1.139s] Level 1:colcon.colcon_core.package_identification:_identify(.) by extension 'colcon_meta'
[1.139s] Level 1:colcon.colcon_core.package_identification:_identify(.) by extensions ['ros']
[1.139s] Level 1:colcon.colcon_core.package_identification:_identify(.) by extension 'ros'
[1.169s] Level 1:colcon.colcon_core.package_identification:_identify(.) by extensions ['cmake', 'python']
[1.169s] Level 1:colcon.colcon_core.package_identification:_identify(.) by extension 'cmake'
[1.169s] Level 1:colcon.colcon_core.package_identification:_identify(.) by extension 'python'
[1.169s] Level 1:colcon.colcon_core.package_identification:_identify(.) by extensions ['python_setup_py']
[1.170s] Level 1:colcon.colcon_core.package_identification:_identify(.) by extension 'python_setup_py'
[1.170s] Level 1:colcon.colcon_core.package_identification:_identify(build) by extensions ['ignore', 'ignore_ament_install']
[1.170s] Level 1:colcon.colcon_core.package_identification:_identify(build) by extension 'ignore'
[1.170s] Level 1:colcon.colcon_core.package_identification:_identify(build) ignored
[1.170s] Level 1:colcon.colcon_core.package_identification:_identify(heart_robot_control) by extensions ['ignore', 'ignore_ament_install']
[1.170s] Level 1:colcon.colcon_core.package_identification:_identify(heart_robot_control) by extension 'ignore'
[1.171s] Level 1:colcon.colcon_core.package_identification:_identify(heart_robot_control) by extension 'ignore_ament_install'
[1.171s] Level 1:colcon.colcon_core.package_identification:_identify(heart_robot_control) by extensions ['colcon_pkg']
[1.171s] Level 1:colcon.colcon_core.package_identification:_identify(heart_robot_control) by extension 'colcon_pkg'
[1.171s] Level 1:colcon.colcon_core.package_identification:_identify(heart_robot_control) by extensions ['colcon_meta']
[1.171s] Level 1:colcon.colcon_core.package_identification:_identify(heart_robot_control) by extension 'colcon_meta'
[1.171s] Level 1:colcon.colcon_core.package_identification:_identify(heart_robot_control) by extensions ['ros']
[1.171s] Level 1:colcon.colcon_core.package_identification:_identify(heart_robot_control) by extension 'ros'
[1.177s] DEBUG:colcon.colcon_core.package_identification:Package 'heart_robot_control' with type 'ros.ament_python' and name 'heart_robot_control'
[1.177s] Level 1:colcon.colcon_core.package_identification:_identify(heart_robot_description) by extensions ['ignore', 'ignore_ament_install']
[1.177s] Level 1:colcon.colcon_core.package_identification:_identify(heart_robot_description) by extension 'ignore'
[1.177s] Level 1:colcon.colcon_core.package_identification:_identify(heart_robot_description) by extension 'ignore_ament_install'
[1.178s] Level 1:colcon.colcon_core.package_identification:_identify(heart_robot_description) by extensions ['colcon_pkg']
[1.178s] Level 1:colcon.colcon_core.package_identification:_identify(heart_robot_description) by extension 'colcon_pkg'
[1.178s] Level 1:colcon.colcon_core.package_identification:_identify(heart_robot_description) by extensions ['colcon_meta']
[1.178s] Level 1:colcon.colcon_core.package_identification:_identify(heart_robot_description) by extension 'colcon_meta'
[1.178s] Level 1:colcon.colcon_core.package_identification:_identify(heart_robot_description) by extensions ['ros']
[1.178s] Level 1:colcon.colcon_core.package_identification:_identify(heart_robot_description) by extension 'ros'
[1.179s] DEBUG:colcon.colcon_core.package_identification:Package 'heart_robot_description' with type 'ros.ament_cmake' and name 'heart_robot_description'
[1.179s] Level 1:colcon.colcon_core.package_identification:_identify(install) by extensions ['ignore', 'ignore_ament_install']
[1.179s] Level 1:colcon.colcon_core.package_identification:_identify(install) by extension 'ignore'
[1.180s] Level 1:colcon.colcon_core.package_identification:_identify(install) ignored
[1.180s] Level 1:colcon.colcon_core.package_identification:_identify(log) by extensions ['ignore', 'ignore_ament_install']
[1.180s] Level 1:colcon.colcon_core.package_identification:_identify(log) by extension 'ignore'
[1.180s] Level 1:colcon.colcon_core.package_identification:_identify(log) ignored
[1.180s] Level 1:colcon.colcon_core.package_discovery:discover_packages(recursive) using defaults
[1.180s] Level 1:colcon.colcon_core.package_discovery:discover_packages(ignore) discover
[1.180s] Level 1:colcon.colcon_core.package_discovery:discover_packages(ignore) using defaults
[1.180s] Level 1:colcon.colcon_core.package_discovery:discover_packages(path) discover
[1.180s] Level 1:colcon.colcon_core.package_discovery:discover_packages(path) using defaults
[1.258s] Level 1:colcon.colcon_core.package_discovery:discover_packages(prefix_path) check parameters
[1.258s] Level 1:colcon.colcon_core.package_discovery:discover_packages(prefix_path) discover
[1.286s] DEBUG:colcon.colcon_installed_package_information.package_discovery:Found 2 installed packages in /home/subin/cnu_ros2/heart_robot/src/install
[1.287s] DEBUG:colcon.colcon_installed_package_information.package_discovery:Found 1 installed packages in /home/subin/cnu_ros2/heart_robot/src/heart_robot_description/install
[1.288s] DEBUG:colcon.colcon_installed_package_information.package_discovery:Found 0 installed packages in /home/subin/cnu_ros2/heart_robot/src/heart_robot_control/install
[1.288s] DEBUG:colcon.colcon_installed_package_information.package_discovery:Found 2 installed packages in /home/subin/cnu_ros2/heart_robot/install
[1.294s] DEBUG:colcon.colcon_installed_package_information.package_discovery:Found 325 installed packages in /opt/ros/humble
[1.300s] Level 1:colcon.colcon_core.package_discovery:discover_packages(prefix_path) using defaults
[1.426s] Level 5:colcon.colcon_core.verb:set package 'heart_robot_control' build argument 'cmake_args' from command line to 'None'
[1.426s] Level 5:colcon.colcon_core.verb:set package 'heart_robot_control' build argument 'cmake_target' from command line to 'None'
[1.426s] Level 5:colcon.colcon_core.verb:set package 'heart_robot_control' build argument 'cmake_target_skip_unavailable' from command line to 'False'
[1.426s] Level 5:colcon.colcon_core.verb:set package 'heart_robot_control' build argument 'cmake_clean_cache' from command line to 'False'
[1.426s] Level 5:colcon.colcon_core.verb:set package 'heart_robot_control' build argument 'cmake_clean_first' from command line to 'False'
[1.426s] Level 5:colcon.colcon_core.verb:set package 'heart_robot_control' build argument 'cmake_force_configure' from command line to 'False'
[1.426s] Level 5:colcon.colcon_core.verb:set package 'heart_robot_control' build argument 'ament_cmake_args' from command line to 'None'
[1.426s] Level 5:colcon.colcon_core.verb:set package 'heart_robot_control' build argument 'catkin_cmake_args' from command line to 'None'
[1.426s] Level 5:colcon.colcon_core.verb:set package 'heart_robot_control' build argument 'catkin_skip_building_tests' from command line to 'False'
[1.426s] DEBUG:colcon.colcon_core.verb:Building package 'heart_robot_control' with the following arguments: {'ament_cmake_args': None, 'build_base': '/home/subin/cnu_ros2/heart_robot/src/build/heart_robot_control', 'catkin_cmake_args': None, 'catkin_skip_building_tests': False, 'cmake_args': None, 'cmake_clean_cache': False, 'cmake_clean_first': False, 'cmake_force_configure': False, 'cmake_target': None, 'cmake_target_skip_unavailable': False, 'install_base': '/home/subin/cnu_ros2/heart_robot/src/install/heart_robot_control', 'merge_install': False, 'path': '/home/subin/cnu_ros2/heart_robot/src/heart_robot_control', 'symlink_install': True, 'test_result_base': None}
[1.427s] Level 5:colcon.colcon_core.verb:set package 'heart_robot_description' build argument 'cmake_args' from command line to 'None'
[1.427s] Level 5:colcon.colcon_core.verb:set package 'heart_robot_description' build argument 'cmake_target' from command line to 'None'
[1.427s] Level 5:colcon.colcon_core.verb:set package 'heart_robot_description' build argument 'cmake_target_skip_unavailable' from command line to 'False'
[1.427s] Level 5:colcon.colcon_core.verb:set package 'heart_robot_description' build argument 'cmake_clean_cache' from command line to 'False'
[1.428s] Level 5:colcon.colcon_core.verb:set package 'heart_robot_description' build argument 'cmake_clean_first' from command line to 'False'
[1.428s] Level 5:colcon.colcon_core.verb:set package 'heart_robot_description' build argument 'cmake_force_configure' from command line to 'False'
[1.428s] Level 5:colcon.colcon_core.verb:set package 'heart_robot_description' build argument 'ament_cmake_args' from command line to 'None'
[1.428s] Level 5:colcon.colcon_core.verb:set package 'heart_robot_description' build argument 'catkin_cmake_args' from command line to 'None'
[1.428s] Level 5:colcon.colcon_core.verb:set package 'heart_robot_description' build argument 'catkin_skip_building_tests' from command line to 'False'
[1.428s] DEBUG:colcon.colcon_core.verb:Building package 'heart_robot_description' with the following arguments: {'ament_cmake_args': None, 'build_base': '/home/subin/cnu_ros2/heart_robot/src/build/heart_robot_description', 'catkin_cmake_args': None, 'catkin_skip_building_tests': False, 'cmake_args': None, 'cmake_clean_cache': False, 'cmake_clean_first': False, 'cmake_force_configure': False, 'cmake_target': None, 'cmake_target_skip_unavailable': False, 'install_base': '/home/subin/cnu_ros2/heart_robot/src/install/heart_robot_description', 'merge_install': False, 'path': '/home/subin/cnu_ros2/heart_robot/src/heart_robot_description', 'symlink_install': True, 'test_result_base': None}
[1.429s] INFO:colcon.colcon_core.executor:Executing jobs using 'parallel' executor
[1.437s] DEBUG:colcon.colcon_parallel_executor.executor.parallel:run_until_complete
[1.437s] INFO:colcon.colcon_ros.task.ament_python.build:Building ROS package in '/home/subin/cnu_ros2/heart_robot/src/heart_robot_control' with build type 'ament_python'
[1.438s] Level 1:colcon.colcon_core.shell:create_environment_hook('heart_robot_control', 'ament_prefix_path')
[1.442s] INFO:colcon.colcon_core.plugin_system:Skipping extension 'colcon_core.shell.bat': Not used on non-Windows systems
[1.443s] INFO:colcon.colcon_core.shell:Creating environment hook '/home/subin/cnu_ros2/heart_robot/src/install/heart_robot_control/share/heart_robot_control/hook/ament_prefix_path.ps1'
[1.444s] INFO:colcon.colcon_core.shell:Creating environment descriptor '/home/subin/cnu_ros2/heart_robot/src/install/heart_robot_control/share/heart_robot_control/hook/ament_prefix_path.dsv'
[1.445s] INFO:colcon.colcon_core.shell:Creating environment hook '/home/subin/cnu_ros2/heart_robot/src/install/heart_robot_control/share/heart_robot_control/hook/ament_prefix_path.sh'
[1.449s] INFO:colcon.colcon_core.shell:Skip shell extension 'powershell' for command environment: Not usable outside of PowerShell
[1.450s] DEBUG:colcon.colcon_core.shell:Skip shell extension 'dsv' for command environment
[1.475s] INFO:colcon.colcon_ros.task.ament_cmake.build:Building ROS package in '/home/subin/cnu_ros2/heart_robot/src/heart_robot_description' with build type 'ament_cmake'
[1.476s] INFO:colcon.colcon_cmake.task.cmake.build:Building CMake package in '/home/subin/cnu_ros2/heart_robot/src/heart_robot_description'
[1.480s] INFO:colcon.colcon_core.shell:Skip shell extension 'powershell' for command environment: Not usable outside of PowerShell
[1.481s] DEBUG:colcon.colcon_core.shell:Skip shell extension 'dsv' for command environment
[2.328s] INFO:colcon.colcon_core.task.python.build:Building Python package in '/home/subin/cnu_ros2/heart_robot/src/heart_robot_control'
[2.328s] INFO:colcon.colcon_core.shell:Skip shell extension 'powershell' for command environment: Not usable outside of PowerShell
[2.328s] DEBUG:colcon.colcon_core.shell:Skip shell extension 'dsv' for command environment
[2.365s] DEBUG:colcon.colcon_core.event_handler.log_command:Invoking command in '/home/subin/cnu_ros2/heart_robot/src/build/heart_robot_description': CMAKE_PREFIX_PATH=${CMAKE_PREFIX_PATH}:/home/subin/cnu_ros2/heart_robot/src/install/heart_robot_control:/home/subin/cnu_ros2/heart_robot/install/heart_robot_control:/opt/ros/humble /usr/bin/cmake --build /home/subin/cnu_ros2/heart_robot/src/build/heart_robot_description -- -j8 -l8
[2.491s] DEBUG:colcon.colcon_core.event_handler.log_command:Invoked command in '/home/subin/cnu_ros2/heart_robot/src/build/heart_robot_description' returned '0': CMAKE_PREFIX_PATH=${CMAKE_PREFIX_PATH}:/home/subin/cnu_ros2/heart_robot/src/install/heart_robot_control:/home/subin/cnu_ros2/heart_robot/install/heart_robot_control:/opt/ros/humble /usr/bin/cmake --build /home/subin/cnu_ros2/heart_robot/src/build/heart_robot_description -- -j8 -l8
[2.510s] DEBUG:colcon.colcon_core.event_handler.log_command:Invoking command in '/home/subin/cnu_ros2/heart_robot/src/build/heart_robot_description': CMAKE_PREFIX_PATH=${CMAKE_PREFIX_PATH}:/home/subin/cnu_ros2/heart_robot/src/install/heart_robot_control:/home/subin/cnu_ros2/heart_robot/install/heart_robot_control:/opt/ros/humble /usr/bin/cmake --install /home/subin/cnu_ros2/heart_robot/src/build/heart_robot_description
[2.594s] Level 1:colcon.colcon_core.environment:create_environment_scripts_only(heart_robot_description)
[2.608s] Level 1:colcon.colcon_core.environment:checking '/home/subin/cnu_ros2/heart_robot/src/install/heart_robot_description' for CMake module files
[2.609s] DEBUG:colcon.colcon_core.event_handler.log_command:Invoked command in '/home/subin/cnu_ros2/heart_robot/src/build/heart_robot_description' returned '0': CMAKE_PREFIX_PATH=${CMAKE_PREFIX_PATH}:/home/subin/cnu_ros2/heart_robot/src/install/heart_robot_control:/home/subin/cnu_ros2/heart_robot/install/heart_robot_control:/opt/ros/humble /usr/bin/cmake --install /home/subin/cnu_ros2/heart_robot/src/build/heart_robot_description
[2.616s] Level 1:colcon.colcon_core.environment:checking '/home/subin/cnu_ros2/heart_robot/src/install/heart_robot_description' for CMake config files
[2.617s] Level 1:colcon.colcon_core.shell:create_environment_hook('heart_robot_description', 'cmake_prefix_path')
[2.618s] INFO:colcon.colcon_core.shell:Creating environment hook '/home/subin/cnu_ros2/heart_robot/src/install/heart_robot_description/share/heart_robot_description/hook/cmake_prefix_path.ps1'
[2.619s] INFO:colcon.colcon_core.shell:Creating environment descriptor '/home/subin/cnu_ros2/heart_robot/src/install/heart_robot_description/share/heart_robot_description/hook/cmake_prefix_path.dsv'
[2.620s] INFO:colcon.colcon_core.shell:Creating environment hook '/home/subin/cnu_ros2/heart_robot/src/install/heart_robot_description/share/heart_robot_description/hook/cmake_prefix_path.sh'
[2.629s] Level 1:colcon.colcon_core.environment:checking '/home/subin/cnu_ros2/heart_robot/src/install/heart_robot_description/bin'
[2.629s] Level 1:colcon.colcon_core.environment:checking '/home/subin/cnu_ros2/heart_robot/src/install/heart_robot_description/lib/pkgconfig/heart_robot_description.pc'
[2.635s] Level 1:colcon.colcon_core.environment:checking '/home/subin/cnu_ros2/heart_robot/src/install/heart_robot_description/lib/python3.10/site-packages'
[2.641s] Level 1:colcon.colcon_core.environment:checking '/home/subin/cnu_ros2/heart_robot/src/install/heart_robot_description/bin'
[2.642s] INFO:colcon.colcon_core.shell:Creating package script '/home/subin/cnu_ros2/heart_robot/src/install/heart_robot_description/share/heart_robot_description/package.ps1'
[2.645s] INFO:colcon.colcon_core.shell:Creating package descriptor '/home/subin/cnu_ros2/heart_robot/src/install/heart_robot_description/share/heart_robot_description/package.dsv'
[2.647s] INFO:colcon.colcon_core.shell:Creating package script '/home/subin/cnu_ros2/heart_robot/src/install/heart_robot_description/share/heart_robot_description/package.sh'
[2.648s] INFO:colcon.colcon_core.shell:Creating package script '/home/subin/cnu_ros2/heart_robot/src/install/heart_robot_description/share/heart_robot_description/package.bash'
[2.650s] INFO:colcon.colcon_core.shell:Creating package script '/home/subin/cnu_ros2/heart_robot/src/install/heart_robot_description/share/heart_robot_description/package.zsh'
[2.651s] Level 1:colcon.colcon_core.environment:create_file_with_runtime_dependencies(/home/subin/cnu_ros2/heart_robot/src/install/heart_robot_description/share/colcon-core/packages/heart_robot_description)
[2.652s] Level 1:colcon.colcon_core.environment:create_environment_scripts_only(heart_robot_description)
[2.653s] Level 1:colcon.colcon_core.environment:checking '/home/subin/cnu_ros2/heart_robot/src/install/heart_robot_description' for CMake module files
[2.654s] Level 1:colcon.colcon_core.environment:checking '/home/subin/cnu_ros2/heart_robot/src/install/heart_robot_description' for CMake config files
[2.655s] Level 1:colcon.colcon_core.shell:create_environment_hook('heart_robot_description', 'cmake_prefix_path')
[2.656s] INFO:colcon.colcon_core.shell:Creating environment hook '/home/subin/cnu_ros2/heart_robot/src/install/heart_robot_description/share/heart_robot_description/hook/cmake_prefix_path.ps1'
[2.659s] INFO:colcon.colcon_core.shell:Creating environment descriptor '/home/subin/cnu_ros2/heart_robot/src/install/heart_robot_description/share/heart_robot_description/hook/cmake_prefix_path.dsv'
[2.660s] INFO:colcon.colcon_core.shell:Creating environment hook '/home/subin/cnu_ros2/heart_robot/src/install/heart_robot_description/share/heart_robot_description/hook/cmake_prefix_path.sh'
[2.662s] Level 1:colcon.colcon_core.environment:checking '/home/subin/cnu_ros2/heart_robot/src/install/heart_robot_description/bin'
[2.662s] Level 1:colcon.colcon_core.environment:checking '/home/subin/cnu_ros2/heart_robot/src/install/heart_robot_description/lib/pkgconfig/heart_robot_description.pc'
[2.662s] Level 1:colcon.colcon_core.environment:checking '/home/subin/cnu_ros2/heart_robot/src/install/heart_robot_description/lib/python3.10/site-packages'
[2.663s] Level 1:colcon.colcon_core.environment:checking '/home/subin/cnu_ros2/heart_robot/src/install/heart_robot_description/bin'
[2.663s] INFO:colcon.colcon_core.shell:Creating package script '/home/subin/cnu_ros2/heart_robot/src/install/heart_robot_description/share/heart_robot_description/package.ps1'
[2.666s] INFO:colcon.colcon_core.shell:Creating package descriptor '/home/subin/cnu_ros2/heart_robot/src/install/heart_robot_description/share/heart_robot_description/package.dsv'
[2.668s] INFO:colcon.colcon_core.shell:Creating package script '/home/subin/cnu_ros2/heart_robot/src/install/heart_robot_description/share/heart_robot_description/package.sh'
[2.671s] INFO:colcon.colcon_core.shell:Creating package script '/home/subin/cnu_ros2/heart_robot/src/install/heart_robot_description/share/heart_robot_description/package.bash'
[2.674s] INFO:colcon.colcon_core.shell:Creating package script '/home/subin/cnu_ros2/heart_robot/src/install/heart_robot_description/share/heart_robot_description/package.zsh'
[2.676s] Level 1:colcon.colcon_core.environment:create_file_with_runtime_dependencies(/home/subin/cnu_ros2/heart_robot/src/install/heart_robot_description/share/colcon-core/packages/heart_robot_description)
[3.556s] DEBUG:colcon.colcon_core.event_handler.log_command:Invoking command in '/home/subin/cnu_ros2/heart_robot/src/build/heart_robot_control': PYTHONPATH=/home/subin/cnu_ros2/heart_robot/src/build/heart_robot_control/prefix_override:/usr/lib/python3/dist-packages/colcon_core/task/python/colcon_distutils_commands:/home/subin/cnu_ros2/heart_robot/src/install/heart_robot_control/lib/python3.10/site-packages:${PYTHONPATH} /usr/bin/python3 -W ignore:setup.py install is deprecated -W ignore:easy_install command is deprecated setup.py develop --editable --build-directory /home/subin/cnu_ros2/heart_robot/src/build/heart_robot_control/build --no-deps symlink_data
[4.966s] Level 1:colcon.colcon_core.shell:create_environment_hook('heart_robot_control', 'pythonpath_develop')
[4.967s] INFO:colcon.colcon_core.shell:Creating environment hook '/home/subin/cnu_ros2/heart_robot/src/build/heart_robot_control/share/heart_robot_control/hook/pythonpath_develop.ps1'
[4.968s] INFO:colcon.colcon_core.shell:Creating environment descriptor '/home/subin/cnu_ros2/heart_robot/src/build/heart_robot_control/share/heart_robot_control/hook/pythonpath_develop.dsv'
[4.969s] INFO:colcon.colcon_core.shell:Creating environment hook '/home/subin/cnu_ros2/heart_robot/src/build/heart_robot_control/share/heart_robot_control/hook/pythonpath_develop.sh'
[4.970s] Level 1:colcon.colcon_core.environment:checking '/home/subin/cnu_ros2/heart_robot/src/install/heart_robot_control' for CMake module files
[4.971s] Level 1:colcon.colcon_core.environment:checking '/home/subin/cnu_ros2/heart_robot/src/install/heart_robot_control' for CMake config files
[4.978s] DEBUG:colcon.colcon_core.event_handler.log_command:Invoked command in '/home/subin/cnu_ros2/heart_robot/src/build/heart_robot_control' returned '0': PYTHONPATH=/home/subin/cnu_ros2/heart_robot/src/build/heart_robot_control/prefix_override:/usr/lib/python3/dist-packages/colcon_core/task/python/colcon_distutils_commands:/home/subin/cnu_ros2/heart_robot/src/install/heart_robot_control/lib/python3.10/site-packages:${PYTHONPATH} /usr/bin/python3 -W ignore:setup.py install is deprecated -W ignore:easy_install command is deprecated setup.py develop --editable --build-directory /home/subin/cnu_ros2/heart_robot/src/build/heart_robot_control/build --no-deps symlink_data
[4.978s] Level 1:colcon.colcon_core.environment:checking '/home/subin/cnu_ros2/heart_robot/src/install/heart_robot_control/lib'
[4.979s] Level 1:colcon.colcon_core.environment:checking '/home/subin/cnu_ros2/heart_robot/src/install/heart_robot_control/bin'
[4.979s] Level 1:colcon.colcon_core.environment:checking '/home/subin/cnu_ros2/heart_robot/src/install/heart_robot_control/lib/pkgconfig/heart_robot_control.pc'
[4.979s] Level 1:colcon.colcon_core.environment:checking '/home/subin/cnu_ros2/heart_robot/src/install/heart_robot_control/lib/python3.10/site-packages'
[4.979s] Level 1:colcon.colcon_core.shell:create_environment_hook('heart_robot_control', 'pythonpath')
[4.980s] INFO:colcon.colcon_core.shell:Creating environment hook '/home/subin/cnu_ros2/heart_robot/src/install/heart_robot_control/share/heart_robot_control/hook/pythonpath.ps1'
[4.980s] INFO:colcon.colcon_core.shell:Creating environment descriptor '/home/subin/cnu_ros2/heart_robot/src/install/heart_robot_control/share/heart_robot_control/hook/pythonpath.dsv'
[4.981s] INFO:colcon.colcon_core.shell:Creating environment hook '/home/subin/cnu_ros2/heart_robot/src/install/heart_robot_control/share/heart_robot_control/hook/pythonpath.sh'
[4.985s] Level 1:colcon.colcon_core.environment:checking '/home/subin/cnu_ros2/heart_robot/src/install/heart_robot_control/bin'
[4.985s] Level 1:colcon.colcon_core.environment:create_environment_scripts_only(heart_robot_control)
[4.986s] INFO:colcon.colcon_core.shell:Creating package script '/home/subin/cnu_ros2/heart_robot/src/install/heart_robot_control/share/heart_robot_control/package.ps1'
[4.987s] INFO:colcon.colcon_core.shell:Creating package descriptor '/home/subin/cnu_ros2/heart_robot/src/install/heart_robot_control/share/heart_robot_control/package.dsv'
[4.987s] INFO:colcon.colcon_core.shell:Creating package script '/home/subin/cnu_ros2/heart_robot/src/install/heart_robot_control/share/heart_robot_control/package.sh'
[4.988s] INFO:colcon.colcon_core.shell:Creating package script '/home/subin/cnu_ros2/heart_robot/src/install/heart_robot_control/share/heart_robot_control/package.bash'
[4.989s] INFO:colcon.colcon_core.shell:Creating package script '/home/subin/cnu_ros2/heart_robot/src/install/heart_robot_control/share/heart_robot_control/package.zsh'
[4.990s] Level 1:colcon.colcon_core.environment:create_file_with_runtime_dependencies(/home/subin/cnu_ros2/heart_robot/src/install/heart_robot_control/share/colcon-core/packages/heart_robot_control)
[4.991s] DEBUG:colcon.colcon_parallel_executor.executor.parallel:closing loop
[4.991s] DEBUG:colcon.colcon_parallel_executor.executor.parallel:loop closed
[4.991s] DEBUG:colcon.colcon_parallel_executor.executor.parallel:run_until_complete finished with '0'
[4.991s] DEBUG:colcon.colcon_core.event_reactor:joining thread
[5.137s] INFO:colcon.colcon_core.plugin_system:Skipping extension 'colcon_notification.desktop_notification.notify_send': Could not find 'notify-send'
[5.137s] INFO:colcon.colcon_core.plugin_system:Skipping extension 'colcon_notification.desktop_notification.terminal_notifier': Not used on non-Darwin systems
[5.138s] INFO:colcon.colcon_core.plugin_system:Skipping extension 'colcon_notification.desktop_notification.win32': Not used on non-Windows systems
[5.138s] INFO:colcon.colcon_notification.desktop_notification:Sending desktop notification using 'notify2'
[5.138s] DEBUG:colcon.colcon_notification.desktop_notification.notify2:Failed to initialize notify2: org.freedesktop.DBus.Error.FileNotFound: Failed to connect to socket /run/user/1000/bus: No such file or directory
[5.138s] DEBUG:colcon.colcon_core.event_reactor:joined thread
[5.138s] INFO:colcon.colcon_core.shell:Creating prefix script '/home/subin/cnu_ros2/heart_robot/src/install/local_setup.ps1'
[5.140s] INFO:colcon.colcon_core.shell:Creating prefix util module '/home/subin/cnu_ros2/heart_robot/src/install/_local_setup_util_ps1.py'
[5.146s] INFO:colcon.colcon_core.shell:Creating prefix chain script '/home/subin/cnu_ros2/heart_robot/src/install/setup.ps1'
[5.151s] INFO:colcon.colcon_core.shell:Creating prefix script '/home/subin/cnu_ros2/heart_robot/src/install/local_setup.sh'
[5.152s] INFO:colcon.colcon_core.shell:Creating prefix util module '/home/subin/cnu_ros2/heart_robot/src/install/_local_setup_util_sh.py'
[5.157s] INFO:colcon.colcon_core.shell:Creating prefix chain script '/home/subin/cnu_ros2/heart_robot/src/install/setup.sh'
[5.169s] INFO:colcon.colcon_core.shell:Creating prefix script '/home/subin/cnu_ros2/heart_robot/src/install/local_setup.bash'
[5.173s] INFO:colcon.colcon_core.shell:Creating prefix chain script '/home/subin/cnu_ros2/heart_robot/src/install/setup.bash'
[5.191s] INFO:colcon.colcon_core.shell:Creating prefix script '/home/subin/cnu_ros2/heart_robot/src/install/local_setup.zsh'
[5.201s] INFO:colcon.colcon_core.shell:Creating prefix chain script '/home/subin/cnu_ros2/heart_robot/src/install/setup.zsh'
