-- The C compiler identification is GNU 11.4.0
-- The CXX compiler identification is GNU 11.4.0
-- Detecting C compiler ABI info
-- Detecting C compiler ABI info - done
-- Check for working C compiler: /usr/bin/cc - skipped
-- Detecting C compile features
-- Detecting C compile features - done
-- Detecting CXX compiler ABI info
-- Detecting CXX compiler ABI info - done
-- Check for working CXX compiler: /usr/bin/c++ - skipped
-- Detecting CXX compile features
-- Detecting CXX compile features - done
-- Found ament_cmake: 1.3.13 (/opt/ros/humble/share/ament_cmake/cmake)
-- Found Python3: /usr/bin/python3 (found version "3.10.12") found components: Interpreter 
-- Override CMake install command with custom implementation using symlinks instead of copying resources
-- Configuring done
-- Generating done
-- Build files have been written to: /home/subin/cnu_ros2/heart_robot/src/build/heart_robot_description
-- Install configuration: ""
-- Execute custom install script
-- Symlinking: /home/subin/cnu_ros2/heart_robot/src/install/heart_robot_description/share/heart_robot_description/launch/__pycache__/display.launch.cpython-310.pyc
-- Symlinking: /home/subin/cnu_ros2/heart_robot/src/install/heart_robot_description/share/heart_robot_description/launch/display.launch.py
-- Symlinking: /home/subin/cnu_ros2/heart_robot/src/install/heart_robot_description/share/heart_robot_description/launch/gazebo.launch.py
-- Symlinking: /home/subin/cnu_ros2/heart_robot/src/install/heart_robot_description/share/heart_robot_description/rviz/heart_robot.rviz
-- Symlinking: /home/subin/cnu_ros2/heart_robot/src/install/heart_robot_description/share/heart_robot_description/rviz/heart_robot.rviz:Zone.Identifier
-- Symlinking: /home/subin/cnu_ros2/heart_robot/src/install/heart_robot_description/share/heart_robot_description/urdf/heart_robot.urdf.xacro
-- Symlinking: /home/subin/cnu_ros2/heart_robot/src/install/heart_robot_description/share/heart_robot_description/config/controller.yaml
-- Symlinking: /home/subin/cnu_ros2/heart_robot/src/install/heart_robot_description/share/ament_index/resource_index/package_run_dependencies/heart_robot_description
-- Symlinking: /home/subin/cnu_ros2/heart_robot/src/install/heart_robot_description/share/ament_index/resource_index/parent_prefix_path/heart_robot_description
-- Symlinking: /home/subin/cnu_ros2/heart_robot/src/install/heart_robot_description/share/heart_robot_description/environment/ament_prefix_path.sh
-- Symlinking: /home/subin/cnu_ros2/heart_robot/src/install/heart_robot_description/share/heart_robot_description/environment/ament_prefix_path.dsv
-- Symlinking: /home/subin/cnu_ros2/heart_robot/src/install/heart_robot_description/share/heart_robot_description/environment/path.sh
-- Symlinking: /home/subin/cnu_ros2/heart_robot/src/install/heart_robot_description/share/heart_robot_description/environment/path.dsv
-- Symlinking: /home/subin/cnu_ros2/heart_robot/src/install/heart_robot_description/share/heart_robot_description/local_setup.bash
-- Symlinking: /home/subin/cnu_ros2/heart_robot/src/install/heart_robot_description/share/heart_robot_description/local_setup.sh
-- Symlinking: /home/subin/cnu_ros2/heart_robot/src/install/heart_robot_description/share/heart_robot_description/local_setup.zsh
-- Symlinking: /home/subin/cnu_ros2/heart_robot/src/install/heart_robot_description/share/heart_robot_description/local_setup.dsv
-- Symlinking: /home/subin/cnu_ros2/heart_robot/src/install/heart_robot_description/share/heart_robot_description/package.dsv
-- Symlinking: /home/subin/cnu_ros2/heart_robot/src/install/heart_robot_description/share/ament_index/resource_index/packages/heart_robot_description
-- Symlinking: /home/subin/cnu_ros2/heart_robot/src/install/heart_robot_description/share/heart_robot_description/cmake/heart_robot_descriptionConfig.cmake
-- Symlinking: /home/subin/cnu_ros2/heart_robot/src/install/heart_robot_description/share/heart_robot_description/cmake/heart_robot_descriptionConfig-version.cmake
-- Symlinking: /home/subin/cnu_ros2/heart_robot/src/install/heart_robot_description/share/heart_robot_description/package.xml
