[0.638s] DEBUG:colcon:Command line arguments: ['/usr/bin/colcon', 'build', '--symlink-install']
[0.638s] DEBUG:colcon:Parsed command line arguments: Namespace(log_base=None, log_level=None, verb_name='build', build_base='build', install_base='install', merge_install=False, symlink_install=True, test_result_base=None, continue_on_error=False, executor='parallel', parallel_workers=8, event_handlers=None, ignore_user_meta=False, metas=['./colcon.meta'], base_paths=['.'], packages_ignore=None, packages_ignore_regex=None, paths=None, packages_up_to=None, packages_up_to_regex=None, packages_above=None, packages_above_and_dependencies=None, packages_above_depth=None, packages_select_by_dep=None, packages_skip_by_dep=None, packages_skip_up_to=None, packages_select_build_failed=False, packages_skip_build_finished=False, packages_select_test_failures=False, packages_skip_test_passed=False, packages_select=None, packages_skip=None, packages_select_regex=None, packages_skip_regex=None, packages_start=None, packages_end=None, allow_overriding=[], cmake_args=None, cmake_target=None, cmake_target_skip_unavailable=False, cmake_clean_cache=False, cmake_clean_first=False, cmake_force_configure=False, ament_cmake_args=None, catkin_cmake_args=None, catkin_skip_building_tests=False, mixin_files=None, mixin=None, verb_parser=<colcon_mixin.mixin.mixin_argument.MixinArgumentDecorator object at 0x7f7cfd5355d0>, verb_extension=<colcon_core.verb.build.BuildVerb object at 0x7f7cfd535030>, main=<bound method BuildVerb.main of <colcon_core.verb.build.BuildVerb object at 0x7f7cfd535030>>, mixin_verb=('build',))
[1.151s] Level 1:colcon.colcon_core.package_discovery:discover_packages(colcon_meta) check parameters
[1.151s] Level 1:colcon.colcon_core.package_discovery:discover_packages(recursive) check parameters
[1.152s] Level 1:colcon.colcon_core.package_discovery:discover_packages(ignore) check parameters
[1.152s] Level 1:colcon.colcon_core.package_discovery:discover_packages(path) check parameters
[1.152s] Level 1:colcon.colcon_core.package_discovery:discover_packages(colcon_meta) discover
[1.152s] Level 1:colcon.colcon_core.package_discovery:discover_packages(recursive) discover
[1.152s] INFO:colcon.colcon_core.package_discovery:Crawling recursively for packages in '/home/subin/cnu_ros2/heart_robot/src'
[1.152s] Level 1:colcon.colcon_core.package_identification:_identify(.) by extensions ['ignore', 'ignore_ament_install']
[1.152s] Level 1:colcon.colcon_core.package_identification:_identify(.) by extension 'ignore'
[1.153s] Level 1:colcon.colcon_core.package_identification:_identify(.) by extension 'ignore_ament_install'
[1.153s] Level 1:colcon.colcon_core.package_identification:_identify(.) by extensions ['colcon_pkg']
[1.153s] Level 1:colcon.colcon_core.package_identification:_identify(.) by extension 'colcon_pkg'
[1.153s] Level 1:colcon.colcon_core.package_identification:_identify(.) by extensions ['colcon_meta']
[1.153s] Level 1:colcon.colcon_core.package_identification:_identify(.) by extension 'colcon_meta'
[1.153s] Level 1:colcon.colcon_core.package_identification:_identify(.) by extensions ['ros']
[1.153s] Level 1:colcon.colcon_core.package_identification:_identify(.) by extension 'ros'
[1.185s] Level 1:colcon.colcon_core.package_identification:_identify(.) by extensions ['cmake', 'python']
[1.185s] Level 1:colcon.colcon_core.package_identification:_identify(.) by extension 'cmake'
[1.185s] Level 1:colcon.colcon_core.package_identification:_identify(.) by extension 'python'
[1.186s] Level 1:colcon.colcon_core.package_identification:_identify(.) by extensions ['python_setup_py']
[1.186s] Level 1:colcon.colcon_core.package_identification:_identify(.) by extension 'python_setup_py'
[1.186s] Level 1:colcon.colcon_core.package_identification:_identify(build) by extensions ['ignore', 'ignore_ament_install']
[1.186s] Level 1:colcon.colcon_core.package_identification:_identify(build) by extension 'ignore'
[1.186s] Level 1:colcon.colcon_core.package_identification:_identify(build) ignored
[1.186s] Level 1:colcon.colcon_core.package_identification:_identify(heart_robot_control) by extensions ['ignore', 'ignore_ament_install']
[1.187s] Level 1:colcon.colcon_core.package_identification:_identify(heart_robot_control) by extension 'ignore'
[1.187s] Level 1:colcon.colcon_core.package_identification:_identify(heart_robot_control) by extension 'ignore_ament_install'
[1.187s] Level 1:colcon.colcon_core.package_identification:_identify(heart_robot_control) by extensions ['colcon_pkg']
[1.187s] Level 1:colcon.colcon_core.package_identification:_identify(heart_robot_control) by extension 'colcon_pkg'
[1.187s] Level 1:colcon.colcon_core.package_identification:_identify(heart_robot_control) by extensions ['colcon_meta']
[1.187s] Level 1:colcon.colcon_core.package_identification:_identify(heart_robot_control) by extension 'colcon_meta'
[1.187s] Level 1:colcon.colcon_core.package_identification:_identify(heart_robot_control) by extensions ['ros']
[1.187s] Level 1:colcon.colcon_core.package_identification:_identify(heart_robot_control) by extension 'ros'
[1.194s] DEBUG:colcon.colcon_core.package_identification:Package 'heart_robot_control' with type 'ros.ament_python' and name 'heart_robot_control'
[1.195s] Level 1:colcon.colcon_core.package_identification:_identify(heart_robot_description) by extensions ['ignore', 'ignore_ament_install']
[1.195s] Level 1:colcon.colcon_core.package_identification:_identify(heart_robot_description) by extension 'ignore'
[1.195s] Level 1:colcon.colcon_core.package_identification:_identify(heart_robot_description) by extension 'ignore_ament_install'
[1.195s] Level 1:colcon.colcon_core.package_identification:_identify(heart_robot_description) by extensions ['colcon_pkg']
[1.195s] Level 1:colcon.colcon_core.package_identification:_identify(heart_robot_description) by extension 'colcon_pkg'
[1.196s] Level 1:colcon.colcon_core.package_identification:_identify(heart_robot_description) by extensions ['colcon_meta']
[1.196s] Level 1:colcon.colcon_core.package_identification:_identify(heart_robot_description) by extension 'colcon_meta'
[1.196s] Level 1:colcon.colcon_core.package_identification:_identify(heart_robot_description) by extensions ['ros']
[1.196s] Level 1:colcon.colcon_core.package_identification:_identify(heart_robot_description) by extension 'ros'
[1.197s] DEBUG:colcon.colcon_core.package_identification:Package 'heart_robot_description' with type 'ros.ament_cmake' and name 'heart_robot_description'
[1.197s] Level 1:colcon.colcon_core.package_identification:_identify(install) by extensions ['ignore', 'ignore_ament_install']
[1.197s] Level 1:colcon.colcon_core.package_identification:_identify(install) by extension 'ignore'
[1.197s] Level 1:colcon.colcon_core.package_identification:_identify(install) ignored
[1.197s] Level 1:colcon.colcon_core.package_identification:_identify(log) by extensions ['ignore', 'ignore_ament_install']
[1.197s] Level 1:colcon.colcon_core.package_identification:_identify(log) by extension 'ignore'
[1.198s] Level 1:colcon.colcon_core.package_identification:_identify(log) ignored
[1.198s] Level 1:colcon.colcon_core.package_discovery:discover_packages(recursive) using defaults
[1.198s] Level 1:colcon.colcon_core.package_discovery:discover_packages(ignore) discover
[1.198s] Level 1:colcon.colcon_core.package_discovery:discover_packages(ignore) using defaults
[1.198s] Level 1:colcon.colcon_core.package_discovery:discover_packages(path) discover
[1.198s] Level 1:colcon.colcon_core.package_discovery:discover_packages(path) using defaults
[1.277s] Level 1:colcon.colcon_core.package_discovery:discover_packages(prefix_path) check parameters
[1.277s] Level 1:colcon.colcon_core.package_discovery:discover_packages(prefix_path) discover
[1.279s] WARNING:colcon.colcon_ros.prefix_path.ament:The path '/home/subin/cnu_ros2/heart_robot/src/install/heart_robot_description' in the environment variable AMENT_PREFIX_PATH doesn't exist
[1.280s] WARNING:colcon.colcon_ros.prefix_path.ament:The path '/home/subin/cnu_ros2/heart_robot/src/install/heart_robot_control' in the environment variable AMENT_PREFIX_PATH doesn't exist
[1.287s] WARNING:colcon.colcon_ros.prefix_path.catkin:The path '/home/subin/cnu_ros2/heart_robot/src/install/heart_robot_description' in the environment variable CMAKE_PREFIX_PATH doesn't exist
[1.290s] DEBUG:colcon.colcon_installed_package_information.package_discovery:Found 0 installed packages in /home/subin/cnu_ros2/heart_robot/src/install
[1.314s] DEBUG:colcon.colcon_installed_package_information.package_discovery:Found 1 installed packages in /home/subin/cnu_ros2/heart_robot/src/heart_robot_description/install
[1.319s] DEBUG:colcon.colcon_installed_package_information.package_discovery:Found 0 installed packages in /home/subin/cnu_ros2/heart_robot/src/heart_robot_control/install
[1.320s] DEBUG:colcon.colcon_installed_package_information.package_discovery:Found 2 installed packages in /home/subin/cnu_ros2/heart_robot/install
[1.325s] DEBUG:colcon.colcon_installed_package_information.package_discovery:Found 325 installed packages in /opt/ros/humble
[1.329s] Level 1:colcon.colcon_core.package_discovery:discover_packages(prefix_path) using defaults
[1.480s] Level 5:colcon.colcon_core.verb:set package 'heart_robot_control' build argument 'cmake_args' from command line to 'None'
[1.480s] Level 5:colcon.colcon_core.verb:set package 'heart_robot_control' build argument 'cmake_target' from command line to 'None'
[1.480s] Level 5:colcon.colcon_core.verb:set package 'heart_robot_control' build argument 'cmake_target_skip_unavailable' from command line to 'False'
[1.481s] Level 5:colcon.colcon_core.verb:set package 'heart_robot_control' build argument 'cmake_clean_cache' from command line to 'False'
[1.481s] Level 5:colcon.colcon_core.verb:set package 'heart_robot_control' build argument 'cmake_clean_first' from command line to 'False'
[1.481s] Level 5:colcon.colcon_core.verb:set package 'heart_robot_control' build argument 'cmake_force_configure' from command line to 'False'
[1.481s] Level 5:colcon.colcon_core.verb:set package 'heart_robot_control' build argument 'ament_cmake_args' from command line to 'None'
[1.481s] Level 5:colcon.colcon_core.verb:set package 'heart_robot_control' build argument 'catkin_cmake_args' from command line to 'None'
[1.481s] Level 5:colcon.colcon_core.verb:set package 'heart_robot_control' build argument 'catkin_skip_building_tests' from command line to 'False'
[1.482s] DEBUG:colcon.colcon_core.verb:Building package 'heart_robot_control' with the following arguments: {'ament_cmake_args': None, 'build_base': '/home/subin/cnu_ros2/heart_robot/src/build/heart_robot_control', 'catkin_cmake_args': None, 'catkin_skip_building_tests': False, 'cmake_args': None, 'cmake_clean_cache': False, 'cmake_clean_first': False, 'cmake_force_configure': False, 'cmake_target': None, 'cmake_target_skip_unavailable': False, 'install_base': '/home/subin/cnu_ros2/heart_robot/src/install/heart_robot_control', 'merge_install': False, 'path': '/home/subin/cnu_ros2/heart_robot/src/heart_robot_control', 'symlink_install': True, 'test_result_base': None}
[1.484s] Level 5:colcon.colcon_core.verb:set package 'heart_robot_description' build argument 'cmake_args' from command line to 'None'
[1.485s] Level 5:colcon.colcon_core.verb:set package 'heart_robot_description' build argument 'cmake_target' from command line to 'None'
[1.485s] Level 5:colcon.colcon_core.verb:set package 'heart_robot_description' build argument 'cmake_target_skip_unavailable' from command line to 'False'
[1.485s] Level 5:colcon.colcon_core.verb:set package 'heart_robot_description' build argument 'cmake_clean_cache' from command line to 'False'
[1.485s] Level 5:colcon.colcon_core.verb:set package 'heart_robot_description' build argument 'cmake_clean_first' from command line to 'False'
[1.486s] Level 5:colcon.colcon_core.verb:set package 'heart_robot_description' build argument 'cmake_force_configure' from command line to 'False'
[1.486s] Level 5:colcon.colcon_core.verb:set package 'heart_robot_description' build argument 'ament_cmake_args' from command line to 'None'
[1.486s] Level 5:colcon.colcon_core.verb:set package 'heart_robot_description' build argument 'catkin_cmake_args' from command line to 'None'
[1.486s] Level 5:colcon.colcon_core.verb:set package 'heart_robot_description' build argument 'catkin_skip_building_tests' from command line to 'False'
[1.486s] DEBUG:colcon.colcon_core.verb:Building package 'heart_robot_description' with the following arguments: {'ament_cmake_args': None, 'build_base': '/home/subin/cnu_ros2/heart_robot/src/build/heart_robot_description', 'catkin_cmake_args': None, 'catkin_skip_building_tests': False, 'cmake_args': None, 'cmake_clean_cache': False, 'cmake_clean_first': False, 'cmake_force_configure': False, 'cmake_target': None, 'cmake_target_skip_unavailable': False, 'install_base': '/home/subin/cnu_ros2/heart_robot/src/install/heart_robot_description', 'merge_install': False, 'path': '/home/subin/cnu_ros2/heart_robot/src/heart_robot_description', 'symlink_install': True, 'test_result_base': None}
[1.488s] INFO:colcon.colcon_core.executor:Executing jobs using 'parallel' executor
[1.502s] DEBUG:colcon.colcon_parallel_executor.executor.parallel:run_until_complete
[1.503s] INFO:colcon.colcon_ros.task.ament_python.build:Building ROS package in '/home/subin/cnu_ros2/heart_robot/src/heart_robot_control' with build type 'ament_python'
[1.505s] Level 1:colcon.colcon_core.shell:create_environment_hook('heart_robot_control', 'ament_prefix_path')
[1.515s] INFO:colcon.colcon_core.plugin_system:Skipping extension 'colcon_core.shell.bat': Not used on non-Windows systems
[1.515s] INFO:colcon.colcon_core.shell:Creating environment hook '/home/subin/cnu_ros2/heart_robot/src/install/heart_robot_control/share/heart_robot_control/hook/ament_prefix_path.ps1'
[1.518s] INFO:colcon.colcon_core.shell:Creating environment descriptor '/home/subin/cnu_ros2/heart_robot/src/install/heart_robot_control/share/heart_robot_control/hook/ament_prefix_path.dsv'
[1.520s] INFO:colcon.colcon_core.shell:Creating environment hook '/home/subin/cnu_ros2/heart_robot/src/install/heart_robot_control/share/heart_robot_control/hook/ament_prefix_path.sh'
[1.521s] INFO:colcon.colcon_core.shell:Skip shell extension 'powershell' for command environment: Not usable outside of PowerShell
[1.521s] DEBUG:colcon.colcon_core.shell:Skip shell extension 'dsv' for command environment
[1.541s] INFO:colcon.colcon_ros.task.ament_cmake.build:Building ROS package in '/home/subin/cnu_ros2/heart_robot/src/heart_robot_description' with build type 'ament_cmake'
[1.542s] INFO:colcon.colcon_cmake.task.cmake.build:Building CMake package in '/home/subin/cnu_ros2/heart_robot/src/heart_robot_description'
[1.542s] INFO:colcon.colcon_core.shell:Skip shell extension 'powershell' for command environment: Not usable outside of PowerShell
[1.543s] DEBUG:colcon.colcon_core.shell:Skip shell extension 'dsv' for command environment
[2.502s] INFO:colcon.colcon_core.task.python.build:Building Python package in '/home/subin/cnu_ros2/heart_robot/src/heart_robot_control'
[2.503s] INFO:colcon.colcon_core.shell:Skip shell extension 'powershell' for command environment: Not usable outside of PowerShell
[2.503s] DEBUG:colcon.colcon_core.shell:Skip shell extension 'dsv' for command environment
[2.541s] DEBUG:colcon.colcon_core.event_handler.log_command:Invoking command in '/home/subin/cnu_ros2/heart_robot/src/build/heart_robot_description': CMAKE_PREFIX_PATH=${CMAKE_PREFIX_PATH}:/home/subin/cnu_ros2/heart_robot/src/install/heart_robot_control:/home/subin/cnu_ros2/heart_robot/install/heart_robot_control:/opt/ros/humble /usr/bin/cmake /home/subin/cnu_ros2/heart_robot/src/heart_robot_description -DAMENT_CMAKE_SYMLINK_INSTALL=1 -DCMAKE_INSTALL_PREFIX=/home/subin/cnu_ros2/heart_robot/src/install/heart_robot_description
[3.813s] DEBUG:colcon.colcon_core.event_handler.log_command:Invoking command in '/home/subin/cnu_ros2/heart_robot/src/build/heart_robot_control': PYTHONPATH=/home/subin/cnu_ros2/heart_robot/src/build/heart_robot_control/prefix_override:/usr/lib/python3/dist-packages/colcon_core/task/python/colcon_distutils_commands:/home/subin/cnu_ros2/heart_robot/src/install/heart_robot_control/lib/python3.10/site-packages:${PYTHONPATH} /usr/bin/python3 -W ignore:setup.py install is deprecated -W ignore:easy_install command is deprecated setup.py develop --editable --build-directory /home/subin/cnu_ros2/heart_robot/src/build/heart_robot_control/build --no-deps symlink_data
[5.647s] Level 1:colcon.colcon_core.shell:create_environment_hook('heart_robot_control', 'pythonpath_develop')
[5.649s] INFO:colcon.colcon_core.shell:Creating environment hook '/home/subin/cnu_ros2/heart_robot/src/build/heart_robot_control/share/heart_robot_control/hook/pythonpath_develop.ps1'
[5.649s] DEBUG:colcon.colcon_core.event_handler.log_command:Invoked command in '/home/subin/cnu_ros2/heart_robot/src/build/heart_robot_control' returned '0': PYTHONPATH=/home/subin/cnu_ros2/heart_robot/src/build/heart_robot_control/prefix_override:/usr/lib/python3/dist-packages/colcon_core/task/python/colcon_distutils_commands:/home/subin/cnu_ros2/heart_robot/src/install/heart_robot_control/lib/python3.10/site-packages:${PYTHONPATH} /usr/bin/python3 -W ignore:setup.py install is deprecated -W ignore:easy_install command is deprecated setup.py develop --editable --build-directory /home/subin/cnu_ros2/heart_robot/src/build/heart_robot_control/build --no-deps symlink_data
[5.653s] INFO:colcon.colcon_core.shell:Creating environment descriptor '/home/subin/cnu_ros2/heart_robot/src/build/heart_robot_control/share/heart_robot_control/hook/pythonpath_develop.dsv'
[5.654s] INFO:colcon.colcon_core.shell:Creating environment hook '/home/subin/cnu_ros2/heart_robot/src/build/heart_robot_control/share/heart_robot_control/hook/pythonpath_develop.sh'
[5.664s] Level 1:colcon.colcon_core.environment:checking '/home/subin/cnu_ros2/heart_robot/src/install/heart_robot_control' for CMake module files
[5.665s] Level 1:colcon.colcon_core.environment:checking '/home/subin/cnu_ros2/heart_robot/src/install/heart_robot_control' for CMake config files
[5.666s] Level 1:colcon.colcon_core.environment:checking '/home/subin/cnu_ros2/heart_robot/src/install/heart_robot_control/lib'
[5.667s] Level 1:colcon.colcon_core.environment:checking '/home/subin/cnu_ros2/heart_robot/src/install/heart_robot_control/bin'
[5.667s] Level 1:colcon.colcon_core.environment:checking '/home/subin/cnu_ros2/heart_robot/src/install/heart_robot_control/lib/pkgconfig/heart_robot_control.pc'
[5.667s] Level 1:colcon.colcon_core.environment:checking '/home/subin/cnu_ros2/heart_robot/src/install/heart_robot_control/lib/python3.10/site-packages'
[5.668s] Level 1:colcon.colcon_core.shell:create_environment_hook('heart_robot_control', 'pythonpath')
[5.668s] INFO:colcon.colcon_core.shell:Creating environment hook '/home/subin/cnu_ros2/heart_robot/src/install/heart_robot_control/share/heart_robot_control/hook/pythonpath.ps1'
[5.669s] INFO:colcon.colcon_core.shell:Creating environment descriptor '/home/subin/cnu_ros2/heart_robot/src/install/heart_robot_control/share/heart_robot_control/hook/pythonpath.dsv'
[5.670s] INFO:colcon.colcon_core.shell:Creating environment hook '/home/subin/cnu_ros2/heart_robot/src/install/heart_robot_control/share/heart_robot_control/hook/pythonpath.sh'
[5.671s] Level 1:colcon.colcon_core.environment:checking '/home/subin/cnu_ros2/heart_robot/src/install/heart_robot_control/bin'
[5.671s] Level 1:colcon.colcon_core.environment:create_environment_scripts_only(heart_robot_control)
[5.672s] INFO:colcon.colcon_core.shell:Creating package script '/home/subin/cnu_ros2/heart_robot/src/install/heart_robot_control/share/heart_robot_control/package.ps1'
[5.674s] INFO:colcon.colcon_core.shell:Creating package descriptor '/home/subin/cnu_ros2/heart_robot/src/install/heart_robot_control/share/heart_robot_control/package.dsv'
[5.675s] INFO:colcon.colcon_core.shell:Creating package script '/home/subin/cnu_ros2/heart_robot/src/install/heart_robot_control/share/heart_robot_control/package.sh'
[5.677s] INFO:colcon.colcon_core.shell:Creating package script '/home/subin/cnu_ros2/heart_robot/src/install/heart_robot_control/share/heart_robot_control/package.bash'
[5.678s] INFO:colcon.colcon_core.shell:Creating package script '/home/subin/cnu_ros2/heart_robot/src/install/heart_robot_control/share/heart_robot_control/package.zsh'
[5.680s] Level 1:colcon.colcon_core.environment:create_file_with_runtime_dependencies(/home/subin/cnu_ros2/heart_robot/src/install/heart_robot_control/share/colcon-core/packages/heart_robot_control)
[7.350s] DEBUG:colcon.colcon_core.event_handler.log_command:Invoked command in '/home/subin/cnu_ros2/heart_robot/src/build/heart_robot_description' returned '0': CMAKE_PREFIX_PATH=${CMAKE_PREFIX_PATH}:/home/subin/cnu_ros2/heart_robot/src/install/heart_robot_control:/home/subin/cnu_ros2/heart_robot/install/heart_robot_control:/opt/ros/humble /usr/bin/cmake /home/subin/cnu_ros2/heart_robot/src/heart_robot_description -DAMENT_CMAKE_SYMLINK_INSTALL=1 -DCMAKE_INSTALL_PREFIX=/home/subin/cnu_ros2/heart_robot/src/install/heart_robot_description
[7.358s] DEBUG:colcon.colcon_core.event_handler.log_command:Invoking command in '/home/subin/cnu_ros2/heart_robot/src/build/heart_robot_description': CMAKE_PREFIX_PATH=${CMAKE_PREFIX_PATH}:/home/subin/cnu_ros2/heart_robot/src/install/heart_robot_control:/home/subin/cnu_ros2/heart_robot/install/heart_robot_control:/opt/ros/humble /usr/bin/cmake --build /home/subin/cnu_ros2/heart_robot/src/build/heart_robot_description -- -j8 -l8
[7.478s] DEBUG:colcon.colcon_core.event_handler.log_command:Invoked command in '/home/subin/cnu_ros2/heart_robot/src/build/heart_robot_description' returned '0': CMAKE_PREFIX_PATH=${CMAKE_PREFIX_PATH}:/home/subin/cnu_ros2/heart_robot/src/install/heart_robot_control:/home/subin/cnu_ros2/heart_robot/install/heart_robot_control:/opt/ros/humble /usr/bin/cmake --build /home/subin/cnu_ros2/heart_robot/src/build/heart_robot_description -- -j8 -l8
[7.509s] DEBUG:colcon.colcon_core.event_handler.log_command:Invoking command in '/home/subin/cnu_ros2/heart_robot/src/build/heart_robot_description': CMAKE_PREFIX_PATH=${CMAKE_PREFIX_PATH}:/home/subin/cnu_ros2/heart_robot/src/install/heart_robot_control:/home/subin/cnu_ros2/heart_robot/install/heart_robot_control:/opt/ros/humble /usr/bin/cmake --install /home/subin/cnu_ros2/heart_robot/src/build/heart_robot_description
[8.088s] Level 1:colcon.colcon_core.environment:create_environment_scripts_only(heart_robot_description)
[8.089s] Level 1:colcon.colcon_core.environment:checking '/home/subin/cnu_ros2/heart_robot/src/install/heart_robot_description' for CMake module files
[8.093s] DEBUG:colcon.colcon_core.event_handler.log_command:Invoked command in '/home/subin/cnu_ros2/heart_robot/src/build/heart_robot_description' returned '0': CMAKE_PREFIX_PATH=${CMAKE_PREFIX_PATH}:/home/subin/cnu_ros2/heart_robot/src/install/heart_robot_control:/home/subin/cnu_ros2/heart_robot/install/heart_robot_control:/opt/ros/humble /usr/bin/cmake --install /home/subin/cnu_ros2/heart_robot/src/build/heart_robot_description
[8.095s] Level 1:colcon.colcon_core.environment:checking '/home/subin/cnu_ros2/heart_robot/src/install/heart_robot_description' for CMake config files
[8.097s] Level 1:colcon.colcon_core.shell:create_environment_hook('heart_robot_description', 'cmake_prefix_path')
[8.100s] INFO:colcon.colcon_core.shell:Creating environment hook '/home/subin/cnu_ros2/heart_robot/src/install/heart_robot_description/share/heart_robot_description/hook/cmake_prefix_path.ps1'
[8.118s] INFO:colcon.colcon_core.shell:Creating environment descriptor '/home/subin/cnu_ros2/heart_robot/src/install/heart_robot_description/share/heart_robot_description/hook/cmake_prefix_path.dsv'
[8.119s] INFO:colcon.colcon_core.shell:Creating environment hook '/home/subin/cnu_ros2/heart_robot/src/install/heart_robot_description/share/heart_robot_description/hook/cmake_prefix_path.sh'
[8.120s] Level 1:colcon.colcon_core.environment:checking '/home/subin/cnu_ros2/heart_robot/src/install/heart_robot_description/bin'
[8.121s] Level 1:colcon.colcon_core.environment:checking '/home/subin/cnu_ros2/heart_robot/src/install/heart_robot_description/lib/pkgconfig/heart_robot_description.pc'
[8.121s] Level 1:colcon.colcon_core.environment:checking '/home/subin/cnu_ros2/heart_robot/src/install/heart_robot_description/lib/python3.10/site-packages'
[8.122s] Level 1:colcon.colcon_core.environment:checking '/home/subin/cnu_ros2/heart_robot/src/install/heart_robot_description/bin'
[8.123s] INFO:colcon.colcon_core.shell:Creating package script '/home/subin/cnu_ros2/heart_robot/src/install/heart_robot_description/share/heart_robot_description/package.ps1'
[8.124s] INFO:colcon.colcon_core.shell:Creating package descriptor '/home/subin/cnu_ros2/heart_robot/src/install/heart_robot_description/share/heart_robot_description/package.dsv'
[8.125s] INFO:colcon.colcon_core.shell:Creating package script '/home/subin/cnu_ros2/heart_robot/src/install/heart_robot_description/share/heart_robot_description/package.sh'
[8.126s] INFO:colcon.colcon_core.shell:Creating package script '/home/subin/cnu_ros2/heart_robot/src/install/heart_robot_description/share/heart_robot_description/package.bash'
[8.127s] INFO:colcon.colcon_core.shell:Creating package script '/home/subin/cnu_ros2/heart_robot/src/install/heart_robot_description/share/heart_robot_description/package.zsh'
[8.128s] Level 1:colcon.colcon_core.environment:create_file_with_runtime_dependencies(/home/subin/cnu_ros2/heart_robot/src/install/heart_robot_description/share/colcon-core/packages/heart_robot_description)
[8.130s] Level 1:colcon.colcon_core.environment:create_environment_scripts_only(heart_robot_description)
[8.131s] Level 1:colcon.colcon_core.environment:checking '/home/subin/cnu_ros2/heart_robot/src/install/heart_robot_description' for CMake module files
[8.132s] Level 1:colcon.colcon_core.environment:checking '/home/subin/cnu_ros2/heart_robot/src/install/heart_robot_description' for CMake config files
[8.133s] Level 1:colcon.colcon_core.shell:create_environment_hook('heart_robot_description', 'cmake_prefix_path')
[8.133s] INFO:colcon.colcon_core.shell:Creating environment hook '/home/subin/cnu_ros2/heart_robot/src/install/heart_robot_description/share/heart_robot_description/hook/cmake_prefix_path.ps1'
[8.134s] INFO:colcon.colcon_core.shell:Creating environment descriptor '/home/subin/cnu_ros2/heart_robot/src/install/heart_robot_description/share/heart_robot_description/hook/cmake_prefix_path.dsv'
[8.135s] INFO:colcon.colcon_core.shell:Creating environment hook '/home/subin/cnu_ros2/heart_robot/src/install/heart_robot_description/share/heart_robot_description/hook/cmake_prefix_path.sh'
[8.138s] Level 1:colcon.colcon_core.environment:checking '/home/subin/cnu_ros2/heart_robot/src/install/heart_robot_description/bin'
[8.138s] Level 1:colcon.colcon_core.environment:checking '/home/subin/cnu_ros2/heart_robot/src/install/heart_robot_description/lib/pkgconfig/heart_robot_description.pc'
[8.138s] Level 1:colcon.colcon_core.environment:checking '/home/subin/cnu_ros2/heart_robot/src/install/heart_robot_description/lib/python3.10/site-packages'
[8.139s] Level 1:colcon.colcon_core.environment:checking '/home/subin/cnu_ros2/heart_robot/src/install/heart_robot_description/bin'
[8.140s] INFO:colcon.colcon_core.shell:Creating package script '/home/subin/cnu_ros2/heart_robot/src/install/heart_robot_description/share/heart_robot_description/package.ps1'
[8.141s] INFO:colcon.colcon_core.shell:Creating package descriptor '/home/subin/cnu_ros2/heart_robot/src/install/heart_robot_description/share/heart_robot_description/package.dsv'
[8.142s] INFO:colcon.colcon_core.shell:Creating package script '/home/subin/cnu_ros2/heart_robot/src/install/heart_robot_description/share/heart_robot_description/package.sh'
[8.143s] INFO:colcon.colcon_core.shell:Creating package script '/home/subin/cnu_ros2/heart_robot/src/install/heart_robot_description/share/heart_robot_description/package.bash'
[8.144s] INFO:colcon.colcon_core.shell:Creating package script '/home/subin/cnu_ros2/heart_robot/src/install/heart_robot_description/share/heart_robot_description/package.zsh'
[8.145s] Level 1:colcon.colcon_core.environment:create_file_with_runtime_dependencies(/home/subin/cnu_ros2/heart_robot/src/install/heart_robot_description/share/colcon-core/packages/heart_robot_description)
[8.145s] DEBUG:colcon.colcon_parallel_executor.executor.parallel:closing loop
[8.145s] DEBUG:colcon.colcon_parallel_executor.executor.parallel:loop closed
[8.145s] DEBUG:colcon.colcon_parallel_executor.executor.parallel:run_until_complete finished with '0'
[8.146s] DEBUG:colcon.colcon_core.event_reactor:joining thread
[8.268s] INFO:colcon.colcon_core.plugin_system:Skipping extension 'colcon_notification.desktop_notification.notify_send': Could not find 'notify-send'
[8.269s] INFO:colcon.colcon_core.plugin_system:Skipping extension 'colcon_notification.desktop_notification.terminal_notifier': Not used on non-Darwin systems
[8.269s] INFO:colcon.colcon_core.plugin_system:Skipping extension 'colcon_notification.desktop_notification.win32': Not used on non-Windows systems
[8.269s] INFO:colcon.colcon_notification.desktop_notification:Sending desktop notification using 'notify2'
[8.269s] DEBUG:colcon.colcon_notification.desktop_notification.notify2:Failed to initialize notify2: org.freedesktop.DBus.Error.FileNotFound: Failed to connect to socket /run/user/1000/bus: No such file or directory
[8.269s] DEBUG:colcon.colcon_core.event_reactor:joined thread
[8.270s] INFO:colcon.colcon_core.shell:Creating prefix script '/home/subin/cnu_ros2/heart_robot/src/install/local_setup.ps1'
[8.272s] INFO:colcon.colcon_core.shell:Creating prefix util module '/home/subin/cnu_ros2/heart_robot/src/install/_local_setup_util_ps1.py'
[8.275s] INFO:colcon.colcon_core.shell:Creating prefix chain script '/home/subin/cnu_ros2/heart_robot/src/install/setup.ps1'
[8.280s] INFO:colcon.colcon_core.shell:Creating prefix script '/home/subin/cnu_ros2/heart_robot/src/install/local_setup.sh'
[8.282s] INFO:colcon.colcon_core.shell:Creating prefix util module '/home/subin/cnu_ros2/heart_robot/src/install/_local_setup_util_sh.py'
[8.283s] INFO:colcon.colcon_core.shell:Creating prefix chain script '/home/subin/cnu_ros2/heart_robot/src/install/setup.sh'
[8.286s] INFO:colcon.colcon_core.shell:Creating prefix script '/home/subin/cnu_ros2/heart_robot/src/install/local_setup.bash'
[8.287s] INFO:colcon.colcon_core.shell:Creating prefix chain script '/home/subin/cnu_ros2/heart_robot/src/install/setup.bash'
[8.291s] INFO:colcon.colcon_core.shell:Creating prefix script '/home/subin/cnu_ros2/heart_robot/src/install/local_setup.zsh'
[8.292s] INFO:colcon.colcon_core.shell:Creating prefix chain script '/home/subin/cnu_ros2/heart_robot/src/install/setup.zsh'
