[0.279s] DEBUG:colcon:Command line arguments: ['/usr/bin/colcon', 'build', '--symlink-install']
[0.279s] DEBUG:colcon:Parsed command line arguments: Namespace(log_base=None, log_level=None, verb_name='build', build_base='build', install_base='install', merge_install=False, symlink_install=True, test_result_base=None, continue_on_error=False, executor='parallel', parallel_workers=8, event_handlers=None, ignore_user_meta=False, metas=['./colcon.meta'], base_paths=['.'], packages_ignore=None, packages_ignore_regex=None, paths=None, packages_up_to=None, packages_up_to_regex=None, packages_above=None, packages_above_and_dependencies=None, packages_above_depth=None, packages_select_by_dep=None, packages_skip_by_dep=None, packages_skip_up_to=None, packages_select_build_failed=False, packages_skip_build_finished=False, packages_select_test_failures=False, packages_skip_test_passed=False, packages_select=None, packages_skip=None, packages_select_regex=None, packages_skip_regex=None, packages_start=None, packages_end=None, allow_overriding=[], cmake_args=None, cmake_target=None, cmake_target_skip_unavailable=False, cmake_clean_cache=False, cmake_clean_first=False, cmake_force_configure=False, ament_cmake_args=None, catkin_cmake_args=None, catkin_skip_building_tests=False, mixin_files=None, mixin=None, verb_parser=<colcon_mixin.mixin.mixin_argument.MixinArgumentDecorator object at 0x703442958a30>, verb_extension=<colcon_core.verb.build.BuildVerb object at 0x703442958490>, main=<bound method BuildVerb.main of <colcon_core.verb.build.BuildVerb object at 0x703442958490>>, mixin_verb=('build',))
[0.435s] Level 1:colcon.colcon_core.package_discovery:discover_packages(colcon_meta) check parameters
[0.435s] Level 1:colcon.colcon_core.package_discovery:discover_packages(recursive) check parameters
[0.435s] Level 1:colcon.colcon_core.package_discovery:discover_packages(ignore) check parameters
[0.435s] Level 1:colcon.colcon_core.package_discovery:discover_packages(path) check parameters
[0.435s] Level 1:colcon.colcon_core.package_discovery:discover_packages(colcon_meta) discover
[0.435s] Level 1:colcon.colcon_core.package_discovery:discover_packages(recursive) discover
[0.435s] INFO:colcon.colcon_core.package_discovery:Crawling recursively for packages in '/home/subin/cnu_ros2/heart_robot/src'
[0.435s] Level 1:colcon.colcon_core.package_identification:_identify(.) by extensions ['ignore', 'ignore_ament_install']
[0.436s] Level 1:colcon.colcon_core.package_identification:_identify(.) by extension 'ignore'
[0.436s] Level 1:colcon.colcon_core.package_identification:_identify(.) by extension 'ignore_ament_install'
[0.436s] Level 1:colcon.colcon_core.package_identification:_identify(.) by extensions ['colcon_pkg']
[0.436s] Level 1:colcon.colcon_core.package_identification:_identify(.) by extension 'colcon_pkg'
[0.436s] Level 1:colcon.colcon_core.package_identification:_identify(.) by extensions ['colcon_meta']
[0.436s] Level 1:colcon.colcon_core.package_identification:_identify(.) by extension 'colcon_meta'
[0.436s] Level 1:colcon.colcon_core.package_identification:_identify(.) by extensions ['ros']
[0.436s] Level 1:colcon.colcon_core.package_identification:_identify(.) by extension 'ros'
[0.448s] Level 1:colcon.colcon_core.package_identification:_identify(.) by extensions ['cmake', 'python']
[0.449s] Level 1:colcon.colcon_core.package_identification:_identify(.) by extension 'cmake'
[0.449s] Level 1:colcon.colcon_core.package_identification:_identify(.) by extension 'python'
[0.449s] Level 1:colcon.colcon_core.package_identification:_identify(.) by extensions ['python_setup_py']
[0.449s] Level 1:colcon.colcon_core.package_identification:_identify(.) by extension 'python_setup_py'
[0.449s] Level 1:colcon.colcon_core.package_identification:_identify(build) by extensions ['ignore', 'ignore_ament_install']
[0.449s] Level 1:colcon.colcon_core.package_identification:_identify(build) by extension 'ignore'
[0.449s] Level 1:colcon.colcon_core.package_identification:_identify(build) ignored
[0.449s] Level 1:colcon.colcon_core.package_identification:_identify(heart_robot_control) by extensions ['ignore', 'ignore_ament_install']
[0.449s] Level 1:colcon.colcon_core.package_identification:_identify(heart_robot_control) by extension 'ignore'
[0.449s] Level 1:colcon.colcon_core.package_identification:_identify(heart_robot_control) by extension 'ignore_ament_install'
[0.449s] Level 1:colcon.colcon_core.package_identification:_identify(heart_robot_control) by extensions ['colcon_pkg']
[0.450s] Level 1:colcon.colcon_core.package_identification:_identify(heart_robot_control) by extension 'colcon_pkg'
[0.450s] Level 1:colcon.colcon_core.package_identification:_identify(heart_robot_control) by extensions ['colcon_meta']
[0.450s] Level 1:colcon.colcon_core.package_identification:_identify(heart_robot_control) by extension 'colcon_meta'
[0.450s] Level 1:colcon.colcon_core.package_identification:_identify(heart_robot_control) by extensions ['ros']
[0.450s] Level 1:colcon.colcon_core.package_identification:_identify(heart_robot_control) by extension 'ros'
[0.452s] DEBUG:colcon.colcon_core.package_identification:Package 'heart_robot_control' with type 'ros.ament_python' and name 'heart_robot_control'
[0.452s] Level 1:colcon.colcon_core.package_identification:_identify(heart_robot_description) by extensions ['ignore', 'ignore_ament_install']
[0.452s] Level 1:colcon.colcon_core.package_identification:_identify(heart_robot_description) by extension 'ignore'
[0.452s] Level 1:colcon.colcon_core.package_identification:_identify(heart_robot_description) by extension 'ignore_ament_install'
[0.452s] Level 1:colcon.colcon_core.package_identification:_identify(heart_robot_description) by extensions ['colcon_pkg']
[0.452s] Level 1:colcon.colcon_core.package_identification:_identify(heart_robot_description) by extension 'colcon_pkg'
[0.453s] Level 1:colcon.colcon_core.package_identification:_identify(heart_robot_description) by extensions ['colcon_meta']
[0.453s] Level 1:colcon.colcon_core.package_identification:_identify(heart_robot_description) by extension 'colcon_meta'
[0.453s] Level 1:colcon.colcon_core.package_identification:_identify(heart_robot_description) by extensions ['ros']
[0.453s] Level 1:colcon.colcon_core.package_identification:_identify(heart_robot_description) by extension 'ros'
[0.453s] DEBUG:colcon.colcon_core.package_identification:Package 'heart_robot_description' with type 'ros.ament_cmake' and name 'heart_robot_description'
[0.453s] Level 1:colcon.colcon_core.package_identification:_identify(install) by extensions ['ignore', 'ignore_ament_install']
[0.453s] Level 1:colcon.colcon_core.package_identification:_identify(install) by extension 'ignore'
[0.453s] Level 1:colcon.colcon_core.package_identification:_identify(install) ignored
[0.454s] Level 1:colcon.colcon_core.package_identification:_identify(log) by extensions ['ignore', 'ignore_ament_install']
[0.454s] Level 1:colcon.colcon_core.package_identification:_identify(log) by extension 'ignore'
[0.454s] Level 1:colcon.colcon_core.package_identification:_identify(log) ignored
[0.454s] Level 1:colcon.colcon_core.package_discovery:discover_packages(recursive) using defaults
[0.454s] Level 1:colcon.colcon_core.package_discovery:discover_packages(ignore) discover
[0.454s] Level 1:colcon.colcon_core.package_discovery:discover_packages(ignore) using defaults
[0.454s] Level 1:colcon.colcon_core.package_discovery:discover_packages(path) discover
[0.454s] Level 1:colcon.colcon_core.package_discovery:discover_packages(path) using defaults
[0.473s] Level 1:colcon.colcon_core.package_discovery:discover_packages(prefix_path) check parameters
[0.473s] Level 1:colcon.colcon_core.package_discovery:discover_packages(prefix_path) discover
[0.477s] DEBUG:colcon.colcon_installed_package_information.package_discovery:Found 325 installed packages in /opt/ros/humble
[0.488s] Level 1:colcon.colcon_core.package_discovery:discover_packages(prefix_path) using defaults
[0.531s] Level 5:colcon.colcon_core.verb:set package 'heart_robot_control' build argument 'cmake_args' from command line to 'None'
[0.532s] Level 5:colcon.colcon_core.verb:set package 'heart_robot_control' build argument 'cmake_target' from command line to 'None'
[0.532s] Level 5:colcon.colcon_core.verb:set package 'heart_robot_control' build argument 'cmake_target_skip_unavailable' from command line to 'False'
[0.532s] Level 5:colcon.colcon_core.verb:set package 'heart_robot_control' build argument 'cmake_clean_cache' from command line to 'False'
[0.532s] Level 5:colcon.colcon_core.verb:set package 'heart_robot_control' build argument 'cmake_clean_first' from command line to 'False'
[0.532s] Level 5:colcon.colcon_core.verb:set package 'heart_robot_control' build argument 'cmake_force_configure' from command line to 'False'
[0.532s] Level 5:colcon.colcon_core.verb:set package 'heart_robot_control' build argument 'ament_cmake_args' from command line to 'None'
[0.532s] Level 5:colcon.colcon_core.verb:set package 'heart_robot_control' build argument 'catkin_cmake_args' from command line to 'None'
[0.532s] Level 5:colcon.colcon_core.verb:set package 'heart_robot_control' build argument 'catkin_skip_building_tests' from command line to 'False'
[0.532s] DEBUG:colcon.colcon_core.verb:Building package 'heart_robot_control' with the following arguments: {'ament_cmake_args': None, 'build_base': '/home/subin/cnu_ros2/heart_robot/src/build/heart_robot_control', 'catkin_cmake_args': None, 'catkin_skip_building_tests': False, 'cmake_args': None, 'cmake_clean_cache': False, 'cmake_clean_first': False, 'cmake_force_configure': False, 'cmake_target': None, 'cmake_target_skip_unavailable': False, 'install_base': '/home/subin/cnu_ros2/heart_robot/src/install/heart_robot_control', 'merge_install': False, 'path': '/home/subin/cnu_ros2/heart_robot/src/heart_robot_control', 'symlink_install': True, 'test_result_base': None}
[0.532s] Level 5:colcon.colcon_core.verb:set package 'heart_robot_description' build argument 'cmake_args' from command line to 'None'
[0.532s] Level 5:colcon.colcon_core.verb:set package 'heart_robot_description' build argument 'cmake_target' from command line to 'None'
[0.532s] Level 5:colcon.colcon_core.verb:set package 'heart_robot_description' build argument 'cmake_target_skip_unavailable' from command line to 'False'
[0.532s] Level 5:colcon.colcon_core.verb:set package 'heart_robot_description' build argument 'cmake_clean_cache' from command line to 'False'
[0.532s] Level 5:colcon.colcon_core.verb:set package 'heart_robot_description' build argument 'cmake_clean_first' from command line to 'False'
[0.532s] Level 5:colcon.colcon_core.verb:set package 'heart_robot_description' build argument 'cmake_force_configure' from command line to 'False'
[0.532s] Level 5:colcon.colcon_core.verb:set package 'heart_robot_description' build argument 'ament_cmake_args' from command line to 'None'
[0.532s] Level 5:colcon.colcon_core.verb:set package 'heart_robot_description' build argument 'catkin_cmake_args' from command line to 'None'
[0.532s] Level 5:colcon.colcon_core.verb:set package 'heart_robot_description' build argument 'catkin_skip_building_tests' from command line to 'False'
[0.532s] DEBUG:colcon.colcon_core.verb:Building package 'heart_robot_description' with the following arguments: {'ament_cmake_args': None, 'build_base': '/home/subin/cnu_ros2/heart_robot/src/build/heart_robot_description', 'catkin_cmake_args': None, 'catkin_skip_building_tests': False, 'cmake_args': None, 'cmake_clean_cache': False, 'cmake_clean_first': False, 'cmake_force_configure': False, 'cmake_target': None, 'cmake_target_skip_unavailable': False, 'install_base': '/home/subin/cnu_ros2/heart_robot/src/install/heart_robot_description', 'merge_install': False, 'path': '/home/subin/cnu_ros2/heart_robot/src/heart_robot_description', 'symlink_install': True, 'test_result_base': None}
[0.532s] INFO:colcon.colcon_core.executor:Executing jobs using 'parallel' executor
[0.534s] DEBUG:colcon.colcon_parallel_executor.executor.parallel:run_until_complete
[0.534s] INFO:colcon.colcon_ros.task.ament_python.build:Building ROS package in '/home/subin/cnu_ros2/heart_robot/src/heart_robot_control' with build type 'ament_python'
[0.535s] Level 1:colcon.colcon_core.shell:create_environment_hook('heart_robot_control', 'ament_prefix_path')
[0.537s] INFO:colcon.colcon_core.plugin_system:Skipping extension 'colcon_core.shell.bat': Not used on non-Windows systems
[0.537s] INFO:colcon.colcon_core.shell:Creating environment hook '/home/subin/cnu_ros2/heart_robot/src/install/heart_robot_control/share/heart_robot_control/hook/ament_prefix_path.ps1'
[0.538s] INFO:colcon.colcon_core.shell:Creating environment descriptor '/home/subin/cnu_ros2/heart_robot/src/install/heart_robot_control/share/heart_robot_control/hook/ament_prefix_path.dsv'
[0.538s] INFO:colcon.colcon_core.shell:Creating environment hook '/home/subin/cnu_ros2/heart_robot/src/install/heart_robot_control/share/heart_robot_control/hook/ament_prefix_path.sh'
[0.539s] INFO:colcon.colcon_core.shell:Skip shell extension 'powershell' for command environment: Not usable outside of PowerShell
[0.539s] DEBUG:colcon.colcon_core.shell:Skip shell extension 'dsv' for command environment
[0.542s] INFO:colcon.colcon_ros.task.ament_cmake.build:Building ROS package in '/home/subin/cnu_ros2/heart_robot/src/heart_robot_description' with build type 'ament_cmake'
[0.542s] INFO:colcon.colcon_cmake.task.cmake.build:Building CMake package in '/home/subin/cnu_ros2/heart_robot/src/heart_robot_description'
[0.543s] INFO:colcon.colcon_core.shell:Skip shell extension 'powershell' for command environment: Not usable outside of PowerShell
[0.543s] DEBUG:colcon.colcon_core.shell:Skip shell extension 'dsv' for command environment
[0.850s] INFO:colcon.colcon_core.task.python.build:Building Python package in '/home/subin/cnu_ros2/heart_robot/src/heart_robot_control'
[0.850s] INFO:colcon.colcon_core.shell:Skip shell extension 'powershell' for command environment: Not usable outside of PowerShell
[0.850s] DEBUG:colcon.colcon_core.shell:Skip shell extension 'dsv' for command environment
[0.863s] DEBUG:colcon.colcon_core.event_handler.log_command:Invoking command in '/home/subin/cnu_ros2/heart_robot/src/build/heart_robot_description': CMAKE_PREFIX_PATH=/opt/ros/humble /usr/bin/cmake --build /home/subin/cnu_ros2/heart_robot/src/build/heart_robot_description -- -j8 -l8
[0.912s] DEBUG:colcon.colcon_core.event_handler.log_command:Invoked command in '/home/subin/cnu_ros2/heart_robot/src/build/heart_robot_description' returned '0': CMAKE_PREFIX_PATH=/opt/ros/humble /usr/bin/cmake --build /home/subin/cnu_ros2/heart_robot/src/build/heart_robot_description -- -j8 -l8
[0.928s] DEBUG:colcon.colcon_core.event_handler.log_command:Invoking command in '/home/subin/cnu_ros2/heart_robot/src/build/heart_robot_description': CMAKE_PREFIX_PATH=/opt/ros/humble /usr/bin/cmake --install /home/subin/cnu_ros2/heart_robot/src/build/heart_robot_description
[0.957s] Level 1:colcon.colcon_core.environment:create_environment_scripts_only(heart_robot_description)
[0.958s] DEBUG:colcon.colcon_core.event_handler.log_command:Invoked command in '/home/subin/cnu_ros2/heart_robot/src/build/heart_robot_description' returned '0': CMAKE_PREFIX_PATH=/opt/ros/humble /usr/bin/cmake --install /home/subin/cnu_ros2/heart_robot/src/build/heart_robot_description
[0.961s] Level 1:colcon.colcon_core.environment:checking '/home/subin/cnu_ros2/heart_robot/src/install/heart_robot_description' for CMake module files
[0.961s] Level 1:colcon.colcon_core.environment:checking '/home/subin/cnu_ros2/heart_robot/src/install/heart_robot_description' for CMake config files
[0.962s] Level 1:colcon.colcon_core.shell:create_environment_hook('heart_robot_description', 'cmake_prefix_path')
[0.962s] INFO:colcon.colcon_core.shell:Creating environment hook '/home/subin/cnu_ros2/heart_robot/src/install/heart_robot_description/share/heart_robot_description/hook/cmake_prefix_path.ps1'
[0.963s] INFO:colcon.colcon_core.shell:Creating environment descriptor '/home/subin/cnu_ros2/heart_robot/src/install/heart_robot_description/share/heart_robot_description/hook/cmake_prefix_path.dsv'
[0.963s] INFO:colcon.colcon_core.shell:Creating environment hook '/home/subin/cnu_ros2/heart_robot/src/install/heart_robot_description/share/heart_robot_description/hook/cmake_prefix_path.sh'
[0.964s] Level 1:colcon.colcon_core.environment:checking '/home/subin/cnu_ros2/heart_robot/src/install/heart_robot_description/bin'
[0.964s] Level 1:colcon.colcon_core.environment:checking '/home/subin/cnu_ros2/heart_robot/src/install/heart_robot_description/lib/pkgconfig/heart_robot_description.pc'
[0.965s] Level 1:colcon.colcon_core.environment:checking '/home/subin/cnu_ros2/heart_robot/src/install/heart_robot_description/lib/python3.10/site-packages'
[0.965s] Level 1:colcon.colcon_core.environment:checking '/home/subin/cnu_ros2/heart_robot/src/install/heart_robot_description/bin'
[0.965s] INFO:colcon.colcon_core.shell:Creating package script '/home/subin/cnu_ros2/heart_robot/src/install/heart_robot_description/share/heart_robot_description/package.ps1'
[0.967s] INFO:colcon.colcon_core.shell:Creating package descriptor '/home/subin/cnu_ros2/heart_robot/src/install/heart_robot_description/share/heart_robot_description/package.dsv'
[0.967s] INFO:colcon.colcon_core.shell:Creating package script '/home/subin/cnu_ros2/heart_robot/src/install/heart_robot_description/share/heart_robot_description/package.sh'
[0.968s] INFO:colcon.colcon_core.shell:Creating package script '/home/subin/cnu_ros2/heart_robot/src/install/heart_robot_description/share/heart_robot_description/package.bash'
[0.969s] INFO:colcon.colcon_core.shell:Creating package script '/home/subin/cnu_ros2/heart_robot/src/install/heart_robot_description/share/heart_robot_description/package.zsh'
[0.970s] Level 1:colcon.colcon_core.environment:create_file_with_runtime_dependencies(/home/subin/cnu_ros2/heart_robot/src/install/heart_robot_description/share/colcon-core/packages/heart_robot_description)
[0.971s] Level 1:colcon.colcon_core.environment:create_environment_scripts_only(heart_robot_description)
[0.971s] Level 1:colcon.colcon_core.environment:checking '/home/subin/cnu_ros2/heart_robot/src/install/heart_robot_description' for CMake module files
[0.971s] Level 1:colcon.colcon_core.environment:checking '/home/subin/cnu_ros2/heart_robot/src/install/heart_robot_description' for CMake config files
[0.972s] Level 1:colcon.colcon_core.shell:create_environment_hook('heart_robot_description', 'cmake_prefix_path')
[0.972s] INFO:colcon.colcon_core.shell:Creating environment hook '/home/subin/cnu_ros2/heart_robot/src/install/heart_robot_description/share/heart_robot_description/hook/cmake_prefix_path.ps1'
[0.973s] INFO:colcon.colcon_core.shell:Creating environment descriptor '/home/subin/cnu_ros2/heart_robot/src/install/heart_robot_description/share/heart_robot_description/hook/cmake_prefix_path.dsv'
[0.973s] INFO:colcon.colcon_core.shell:Creating environment hook '/home/subin/cnu_ros2/heart_robot/src/install/heart_robot_description/share/heart_robot_description/hook/cmake_prefix_path.sh'
[0.974s] Level 1:colcon.colcon_core.environment:checking '/home/subin/cnu_ros2/heart_robot/src/install/heart_robot_description/bin'
[0.974s] Level 1:colcon.colcon_core.environment:checking '/home/subin/cnu_ros2/heart_robot/src/install/heart_robot_description/lib/pkgconfig/heart_robot_description.pc'
[0.975s] Level 1:colcon.colcon_core.environment:checking '/home/subin/cnu_ros2/heart_robot/src/install/heart_robot_description/lib/python3.10/site-packages'
[0.975s] Level 1:colcon.colcon_core.environment:checking '/home/subin/cnu_ros2/heart_robot/src/install/heart_robot_description/bin'
[0.975s] INFO:colcon.colcon_core.shell:Creating package script '/home/subin/cnu_ros2/heart_robot/src/install/heart_robot_description/share/heart_robot_description/package.ps1'
[0.976s] INFO:colcon.colcon_core.shell:Creating package descriptor '/home/subin/cnu_ros2/heart_robot/src/install/heart_robot_description/share/heart_robot_description/package.dsv'
[0.977s] INFO:colcon.colcon_core.shell:Creating package script '/home/subin/cnu_ros2/heart_robot/src/install/heart_robot_description/share/heart_robot_description/package.sh'
[0.978s] INFO:colcon.colcon_core.shell:Creating package script '/home/subin/cnu_ros2/heart_robot/src/install/heart_robot_description/share/heart_robot_description/package.bash'
[0.979s] INFO:colcon.colcon_core.shell:Creating package script '/home/subin/cnu_ros2/heart_robot/src/install/heart_robot_description/share/heart_robot_description/package.zsh'
[0.980s] Level 1:colcon.colcon_core.environment:create_file_with_runtime_dependencies(/home/subin/cnu_ros2/heart_robot/src/install/heart_robot_description/share/colcon-core/packages/heart_robot_description)
[1.305s] DEBUG:colcon.colcon_core.event_handler.log_command:Invoking command in '/home/subin/cnu_ros2/heart_robot/src/build/heart_robot_control': PYTHONPATH=/home/subin/cnu_ros2/heart_robot/src/build/heart_robot_control/prefix_override:/usr/lib/python3/dist-packages/colcon_core/task/python/colcon_distutils_commands:/home/subin/cnu_ros2/heart_robot/src/install/heart_robot_control/lib/python3.10/site-packages:${PYTHONPATH} /usr/bin/python3 -W ignore:setup.py install is deprecated -W ignore:easy_install command is deprecated setup.py develop --editable --build-directory /home/subin/cnu_ros2/heart_robot/src/build/heart_robot_control/build --no-deps symlink_data
[1.729s] Level 1:colcon.colcon_core.shell:create_environment_hook('heart_robot_control', 'pythonpath_develop')
[1.730s] INFO:colcon.colcon_core.shell:Creating environment hook '/home/subin/cnu_ros2/heart_robot/src/build/heart_robot_control/share/heart_robot_control/hook/pythonpath_develop.ps1'
[1.731s] DEBUG:colcon.colcon_core.event_handler.log_command:Invoked command in '/home/subin/cnu_ros2/heart_robot/src/build/heart_robot_control' returned '0': PYTHONPATH=/home/subin/cnu_ros2/heart_robot/src/build/heart_robot_control/prefix_override:/usr/lib/python3/dist-packages/colcon_core/task/python/colcon_distutils_commands:/home/subin/cnu_ros2/heart_robot/src/install/heart_robot_control/lib/python3.10/site-packages:${PYTHONPATH} /usr/bin/python3 -W ignore:setup.py install is deprecated -W ignore:easy_install command is deprecated setup.py develop --editable --build-directory /home/subin/cnu_ros2/heart_robot/src/build/heart_robot_control/build --no-deps symlink_data
[1.731s] INFO:colcon.colcon_core.shell:Creating environment descriptor '/home/subin/cnu_ros2/heart_robot/src/build/heart_robot_control/share/heart_robot_control/hook/pythonpath_develop.dsv'
[1.731s] INFO:colcon.colcon_core.shell:Creating environment hook '/home/subin/cnu_ros2/heart_robot/src/build/heart_robot_control/share/heart_robot_control/hook/pythonpath_develop.sh'
[1.732s] Level 1:colcon.colcon_core.environment:checking '/home/subin/cnu_ros2/heart_robot/src/install/heart_robot_control' for CMake module files
[1.732s] Level 1:colcon.colcon_core.environment:checking '/home/subin/cnu_ros2/heart_robot/src/install/heart_robot_control' for CMake config files
[1.733s] Level 1:colcon.colcon_core.environment:checking '/home/subin/cnu_ros2/heart_robot/src/install/heart_robot_control/lib'
[1.733s] Level 1:colcon.colcon_core.environment:checking '/home/subin/cnu_ros2/heart_robot/src/install/heart_robot_control/bin'
[1.733s] Level 1:colcon.colcon_core.environment:checking '/home/subin/cnu_ros2/heart_robot/src/install/heart_robot_control/lib/pkgconfig/heart_robot_control.pc'
[1.733s] Level 1:colcon.colcon_core.environment:checking '/home/subin/cnu_ros2/heart_robot/src/install/heart_robot_control/lib/python3.10/site-packages'
[1.733s] Level 1:colcon.colcon_core.shell:create_environment_hook('heart_robot_control', 'pythonpath')
[1.734s] INFO:colcon.colcon_core.shell:Creating environment hook '/home/subin/cnu_ros2/heart_robot/src/install/heart_robot_control/share/heart_robot_control/hook/pythonpath.ps1'
[1.734s] INFO:colcon.colcon_core.shell:Creating environment descriptor '/home/subin/cnu_ros2/heart_robot/src/install/heart_robot_control/share/heart_robot_control/hook/pythonpath.dsv'
[1.734s] INFO:colcon.colcon_core.shell:Creating environment hook '/home/subin/cnu_ros2/heart_robot/src/install/heart_robot_control/share/heart_robot_control/hook/pythonpath.sh'
[1.735s] Level 1:colcon.colcon_core.environment:checking '/home/subin/cnu_ros2/heart_robot/src/install/heart_robot_control/bin'
[1.735s] Level 1:colcon.colcon_core.environment:create_environment_scripts_only(heart_robot_control)
[1.735s] INFO:colcon.colcon_core.shell:Creating package script '/home/subin/cnu_ros2/heart_robot/src/install/heart_robot_control/share/heart_robot_control/package.ps1'
[1.736s] INFO:colcon.colcon_core.shell:Creating package descriptor '/home/subin/cnu_ros2/heart_robot/src/install/heart_robot_control/share/heart_robot_control/package.dsv'
[1.737s] INFO:colcon.colcon_core.shell:Creating package script '/home/subin/cnu_ros2/heart_robot/src/install/heart_robot_control/share/heart_robot_control/package.sh'
[1.737s] INFO:colcon.colcon_core.shell:Creating package script '/home/subin/cnu_ros2/heart_robot/src/install/heart_robot_control/share/heart_robot_control/package.bash'
[1.738s] INFO:colcon.colcon_core.shell:Creating package script '/home/subin/cnu_ros2/heart_robot/src/install/heart_robot_control/share/heart_robot_control/package.zsh'
[1.738s] Level 1:colcon.colcon_core.environment:create_file_with_runtime_dependencies(/home/subin/cnu_ros2/heart_robot/src/install/heart_robot_control/share/colcon-core/packages/heart_robot_control)
[1.739s] DEBUG:colcon.colcon_parallel_executor.executor.parallel:closing loop
[1.739s] DEBUG:colcon.colcon_parallel_executor.executor.parallel:loop closed
[1.739s] DEBUG:colcon.colcon_parallel_executor.executor.parallel:run_until_complete finished with '0'
[1.739s] DEBUG:colcon.colcon_core.event_reactor:joining thread
[1.785s] INFO:colcon.colcon_core.plugin_system:Skipping extension 'colcon_notification.desktop_notification.notify_send': Could not find 'notify-send'
[1.785s] INFO:colcon.colcon_core.plugin_system:Skipping extension 'colcon_notification.desktop_notification.terminal_notifier': Not used on non-Darwin systems
[1.785s] INFO:colcon.colcon_core.plugin_system:Skipping extension 'colcon_notification.desktop_notification.win32': Not used on non-Windows systems
[1.785s] INFO:colcon.colcon_notification.desktop_notification:Sending desktop notification using 'notify2'
[1.785s] DEBUG:colcon.colcon_notification.desktop_notification.notify2:Failed to initialize notify2: org.freedesktop.DBus.Error.FileNotFound: Failed to connect to socket /run/user/1000/bus: No such file or directory
[1.785s] DEBUG:colcon.colcon_core.event_reactor:joined thread
[1.786s] INFO:colcon.colcon_core.shell:Creating prefix script '/home/subin/cnu_ros2/heart_robot/src/install/local_setup.ps1'
[1.787s] INFO:colcon.colcon_core.shell:Creating prefix util module '/home/subin/cnu_ros2/heart_robot/src/install/_local_setup_util_ps1.py'
[1.788s] INFO:colcon.colcon_core.shell:Creating prefix chain script '/home/subin/cnu_ros2/heart_robot/src/install/setup.ps1'
[1.789s] INFO:colcon.colcon_core.shell:Creating prefix script '/home/subin/cnu_ros2/heart_robot/src/install/local_setup.sh'
[1.789s] INFO:colcon.colcon_core.shell:Creating prefix util module '/home/subin/cnu_ros2/heart_robot/src/install/_local_setup_util_sh.py'
[1.790s] INFO:colcon.colcon_core.shell:Creating prefix chain script '/home/subin/cnu_ros2/heart_robot/src/install/setup.sh'
[1.791s] INFO:colcon.colcon_core.shell:Creating prefix script '/home/subin/cnu_ros2/heart_robot/src/install/local_setup.bash'
[1.792s] INFO:colcon.colcon_core.shell:Creating prefix chain script '/home/subin/cnu_ros2/heart_robot/src/install/setup.bash'
[1.794s] INFO:colcon.colcon_core.shell:Creating prefix script '/home/subin/cnu_ros2/heart_robot/src/install/local_setup.zsh'
[1.795s] INFO:colcon.colcon_core.shell:Creating prefix chain script '/home/subin/cnu_ros2/heart_robot/src/install/setup.zsh'
